{
  "stats": {
    "suites": 5,
    "tests": 36,
    "passes": 36,
    "pending": 0,
    "failures": 0,
    "start": "2023-01-10T11:45:04.181Z",
    "end": "2023-01-12T09:22:13.123Z",
    "duration": 835473,
    "testsRegistered": 36,
    "passPercent": 100,
    "pendingPercent": 0,
    "other": 0,
    "hasOther": false,
    "skipped": 0,
    "hasSkipped": false
  },
  "results": [
    {
      "uuid": "888cc2d6-0c1f-4641-93fb-1d0c50c82eab",
      "title": "",
      "fullFile": "cypress/integration/Table_handling.cy.js",
      "file": "cypress/integration/Table_handling.cy.js",
      "beforeHooks": [],
      "afterHooks": [],
      "tests": [],
      "suites": [
        {
          "uuid": "91d5c0ae-9efa-4449-b7dc-b5cd991e8475",
          "title": "Customer_Table_Validation",
          "fullFile": "",
          "file": "",
          "beforeHooks": [],
          "afterHooks": [],
          "tests": [
            {
              "title": "Pagination_Acess",
              "fullTitle": "Customer_Table_Validation Pagination_Acess",
              "timedOut": null,
              "duration": 58069,
              "state": "passed",
              "speed": "slow",
              "pass": true,
              "fail": false,
              "pending": false,
              "context": null,
              "code": "let total_page = 10;\nfor (let p = 3; p <= total_page; p++) {\n  if (total_page >= 1) {\n    cy.log(\"active pages are: \" + p);\n    cy.get(\"ul[class='pagination']>li:nth-child(\" + p + \")\");\n    cy.wait(3000); // to read the  col\n    cy.get(\"#table1>tbody>tr\") //.fixed-table-body>#table1>thead>tr>th:nth-child(4)\n    //div[class='fixed-table-header'] th:nth-child(1) div:nth-child(1)\n    .each(($row, index, $rows) => {\n      // getting every row, index of row\n      cy.wrap($row).within(() => {\n        //.fixed-table-body>#table1>tbody>tr>td:nth-child(4)\n        cy.get(\"td:nth-child(4)\").then(e => //mobilr no column\n        {\n          cy.log(e.text());\n        });\n      });\n    });\n  }\n}",
              "err": {},
              "uuid": "fbbce82a-500a-4a25-aaed-ea75cf534c52",
              "parentUUID": "91d5c0ae-9efa-4449-b7dc-b5cd991e8475",
              "isHook": false,
              "skipped": false
            },
            {
              "title": "Total_no_Items_Validation",
              "fullTitle": "Customer_Table_Validation Total_no_Items_Validation",
              "timedOut": null,
              "duration": 11005,
              "state": "passed",
              "speed": "slow",
              "pass": true,
              "fail": false,
              "pending": false,
              "context": null,
              "code": "// too find total no of pages\nlet total;\ncy.get(\".summary\").then(e => {\n  let mytext = e.text();\n  total = mytext.substring(mytext.indexOf('of ') + 1, mytext.indexOf('items') - 1); // to retriev the index of page no. \n  cy.log(\"total no of pages:   \" + total);\n});",
              "err": {},
              "uuid": "d427b382-2cc7-468c-ad60-eebaf7a0429e",
              "parentUUID": "91d5c0ae-9efa-4449-b7dc-b5cd991e8475",
              "isHook": false,
              "skipped": false
            },
            {
              "title": "Check No. of rows & columns",
              "fullTitle": "Customer_Table_Validation Check No. of rows & columns",
              "timedOut": null,
              "duration": 11294,
              "state": "passed",
              "speed": "slow",
              "pass": true,
              "fail": false,
              "pending": false,
              "context": null,
              "code": "//tr tag is in the tbody so used > .we know the total rows 10 so we write assertion to check total rows\ncy.get(\".fixed-table-body>#table1>tbody>tr\").should(\"have.length\", 10); //rows\ncy.get(\".fixed-table-body>#table1>thead>tr>th\").should(\"have.length\", 21); //col",
              "err": {},
              "uuid": "1c5c02ac-7518-4869-b14b-c045a1bce9b6",
              "parentUUID": "91d5c0ae-9efa-4449-b7dc-b5cd991e8475",
              "isHook": false,
              "skipped": false
            },
            {
              "title": "Read all data from First Page",
              "fullTitle": "Customer_Table_Validation Read all data from First Page",
              "timedOut": null,
              "duration": 17120,
              "state": "passed",
              "speed": "slow",
              "pass": true,
              "fail": false,
              "pending": false,
              "context": null,
              "code": "cy.get(\".fixed-table-body>#table1>tbody>tr\").each(($row, index, $rows) => {\n  // getting every row, index of row\n  cy.wrap($row).within(() => //getting values in every col for each row\n  {\n    cy.get(\"td\").each(($col, index, $cols) => {\n      cy.log($cols.text());\n    });\n  });\n});",
              "err": {},
              "uuid": "d60db1f2-0150-423c-a8d5-1eddadb23847",
              "parentUUID": "91d5c0ae-9efa-4449-b7dc-b5cd991e8475",
              "isHook": false,
              "skipped": false
            }
          ],
          "suites": [],
          "passes": [
            "fbbce82a-500a-4a25-aaed-ea75cf534c52",
            "d427b382-2cc7-468c-ad60-eebaf7a0429e",
            "1c5c02ac-7518-4869-b14b-c045a1bce9b6",
            "d60db1f2-0150-423c-a8d5-1eddadb23847"
          ],
          "failures": [],
          "pending": [],
          "skipped": [],
          "duration": 97488,
          "root": false,
          "rootEmpty": false,
          "_timeout": 2000
        }
      ],
      "passes": [],
      "failures": [],
      "pending": [],
      "skipped": [],
      "duration": 0,
      "root": true,
      "rootEmpty": true,
      "_timeout": 2000
    },
    {
      "uuid": "039a5a40-ed67-4b92-a8be-b910922b382a",
      "title": "",
      "fullFile": "cypress/integration/Cust_Auto.cy.js",
      "file": "cypress/integration/Cust_Auto.cy.js",
      "beforeHooks": [],
      "afterHooks": [],
      "tests": [],
      "suites": [
        {
          "uuid": "928400de-941d-4282-b54e-3fa2a1e436a6",
          "title": "LoyaltiExpert",
          "fullFile": "",
          "file": "",
          "beforeHooks": [],
          "afterHooks": [],
          "tests": [
            {
              "title": "Verify the Create_User Functionality",
              "fullTitle": "LoyaltiExpert Verify the Create_User Functionality",
              "timedOut": null,
              "duration": 70809,
              "state": "passed",
              "speed": "slow",
              "pass": true,
              "fail": false,
              "pending": false,
              "context": null,
              "code": "cy.get('[href=\"/customer/customer-master/create\"]').click(); //cy.get('.card-header > .btn-primary').click()\ncy.get('#customermaster-cust_mobile_number').type('9876543210');\ncy.get('#customermaster-cust_first_name').type(\"Rohini\");\ncy.get('#customermaster-cust_last_name').type(\"Kamble\");\ncy.get('#customermaster-cust_birthdate').click();\ncy.get(\"input[title='Scroll to increment']\").type(\"1989\", {\n  force: true\n});\n/*cy.get('#customermaster-cust_birthdate\".flatpickr-input').then($el => {\n $el.get(0)._flatpickr.setDate(15, true)})*/\n/*cy.get(\".cur-month\").click({force: true}).should(($div) =>{\n expect($div.text()).equal(\"march\")\n})*/\n/*recurse(\n  ()=> cy.get('.cur-month').invoke(\"text\"),\n  (n)=>{\n   if(!n.includes!=(\"March\"))\n  {\n    cy.get(\".flatpickr-prev-month\").click()\n    return false\n  }\n  cy.contains(\".flatpickr-days\",\"12\").click()\n  return true;\n            }, {limit: 12\n            } )*/\ncy.get('.field-tenant_master_search_user_gender > .select2-container > .selection > .select2-selection').click().get('#tenant_master_search_user_gender').select(\"Female\", {\n  force: true\n});\ncy.get('#select2-tenant_master_search_user_marital_status-container').click().get(\"#tenant_master_search_user_marital_status\").select(\"Married\", {\n  force: true\n});\ncy.get('#customermaster-alternate_mobile_number').type('1212121212');\ncy.get('#customermaster-cust_email_id').type('abcd@ecosmob.com');\ncy.get('#customermaster-cust_address').type(\"ABC Chowk, Pune\");\ncy.get('#select2-customermaster-country_id-container').click().get('#customermaster-country_id').select(\"India\", {\n  force: true\n});\ncy.get('#select2-customermaster-country_id-container').click().get('#customermaster-state_id').select(\"Maharashtra\", {\n  force: true\n});\ncy.get('#select2-customermaster-city_id-container').click().get('#customermaster-city_id').select(\"Pune\", {\n  force: true\n});\ncy.get('#customermaster-cust_postal_code').type('415004');\ncy.get('#select2-customermaster-cust_category_id-container').click().get('#customermaster-cust_category_id').select(\"test1\", {\n  force: true\n}); //cy.get('#select2-customermaster-cust_config_group_id-container').click().get('#customermaster-cust_config_group_id').select(\"test5\",{force: true})\ncy.get('.form-control[name=\"CustomerMaster[cust_company_name]\"]').type('Ecosmob pvt.ltd');\ncy.get('.form-control[name=\"CustomerMaster[cust_gst_number]\"]').type('ECOS12345');\ncy.get('#select2-customermaster-cust_status-container').click().get('#customermaster-cust_status').select(\"Active\", {\n  force: true\n});\ncy.get('#select2-customermaster-sales_user_member_id-container').click().get('#customermaster-sales_user_member_id').select(\"Leader 22\", {\n  force: true\n});\ncy.get('#is_verified').check(); //cy.get('button[type=\"submit\"]').click() // for submit button\ncy.get('.btn.btn-format-size.btn-relief-danger.waves-effect.waves-light').click(); //for cancel button",
              "err": {},
              "uuid": "27232148-11dc-4964-8ffe-31bd60bc0359",
              "parentUUID": "928400de-941d-4282-b54e-3fa2a1e436a6",
              "isHook": false,
              "skipped": false
            },
            {
              "title": "Verify the Back link of Customers Dashborad",
              "fullTitle": "LoyaltiExpert Verify the Back link of Customers Dashborad",
              "timedOut": null,
              "duration": 25565,
              "state": "passed",
              "speed": "slow",
              "pass": true,
              "fail": false,
              "pending": false,
              "context": null,
              "code": "cy.get('.card-header > .btn-primary').click();\ncy.get(\"div[class='content-wrapper'] li:nth-child(2) a:nth-child(1)\").click(); // for going back on customers page",
              "err": {},
              "uuid": "8273c742-a318-4acc-adc3-0e7718a0626a",
              "parentUUID": "928400de-941d-4282-b54e-3fa2a1e436a6",
              "isHook": false,
              "skipped": false
            },
            {
              "title": "Verify the Customers Page",
              "fullTitle": "LoyaltiExpert Verify the Customers Page",
              "timedOut": null,
              "duration": 12197,
              "state": "passed",
              "speed": "slow",
              "pass": true,
              "fail": false,
              "pending": false,
              "context": null,
              "code": "cy.title().should('include', 'Customers'); // verify it visits Customers_Page only",
              "err": {},
              "uuid": "e676d8e9-60c8-4f4f-a108-6a9449b77895",
              "parentUUID": "928400de-941d-4282-b54e-3fa2a1e436a6",
              "isHook": false,
              "skipped": false
            },
            {
              "title": "Verify the Different options display on Customers Page",
              "fullTitle": "LoyaltiExpert Verify the Different options display on Customers Page",
              "timedOut": null,
              "duration": 13072,
              "state": "passed",
              "speed": "slow",
              "pass": true,
              "fail": false,
              "pending": false,
              "context": null,
              "code": "cy.get(\"#table1\").should(\"be.visible\"); // table visibility\ncy.get(\".footer.footer-static.footer-light.d-none.d-lg-block\").should('be.visible'); //footer visibility\ncy.get('#headingSearch').should(\"be.visible\"); //search option visibility\ncy.get(\".btn-outline-primary.btn-sm.dropdown-toggle.text-bold-700.top-margin\").should(\"be.visible\"); //Action button visibility\ncy.get('.pagination').should(\"be.visible\"); // all the page no list should be visible",
              "err": {},
              "uuid": "5d2513c1-59c4-43b5-98e2-8489f461b6fb",
              "parentUUID": "928400de-941d-4282-b54e-3fa2a1e436a6",
              "isHook": false,
              "skipped": false
            },
            {
              "title": "Action_Button_Trashed_Functionality",
              "fullTitle": "LoyaltiExpert Action_Button_Trashed_Functionality",
              "timedOut": null,
              "duration": 23270,
              "state": "passed",
              "speed": "slow",
              "pass": true,
              "fail": false,
              "pending": false,
              "context": null,
              "code": "cy.get(\".btn-outline-primary.btn-sm.dropdown-toggle.text-bold-700.top-margin\").click();\ncy.wait(2000);\ncy.get('.dropdown-item').contains('Trashed').click();\ncy.get(\".btn-primary.btn-sm.text-bold-700[href='/customer/customer-master/export-trashed']\").should(\"be.visible\"); // In trashed Export button visibility\ncy.get('#hov').click();\ncy.get(\".breadcrumb-item.active\").should(\"be.visible\"); //customers heading is visible or not\ncy.get('.btn-outline-primary').click();",
              "err": {},
              "uuid": "507ae774-2fc6-421f-a0c4-f191977260b9",
              "parentUUID": "928400de-941d-4282-b54e-3fa2a1e436a6",
              "isHook": false,
              "skipped": false
            },
            {
              "title": "Action Button Export Functionality",
              "fullTitle": "LoyaltiExpert Action Button Export Functionality",
              "timedOut": null,
              "duration": 20633,
              "state": "passed",
              "speed": "slow",
              "pass": true,
              "fail": false,
              "pending": false,
              "context": null,
              "code": "cy.get(\".btn-outline-primary.btn-sm.dropdown-toggle.text-bold-700.top-margin\").click();\ncy.wait(2000);\ncy.get('.dropdown-item').contains('Export').click();\ncy.get('strong:nth-child(1)').should(\"have.contain\", \"Export is in progress\"); // text validation\ncy.get(\".btn-outline-primary.btn-sm.dropdown-toggle.text-bold-700.top-margin\").click();",
              "err": {},
              "uuid": "6fb361bd-f5fa-4875-bfe6-9ea7242f9f00",
              "parentUUID": "928400de-941d-4282-b54e-3fa2a1e436a6",
              "isHook": false,
              "skipped": false
            },
            {
              "title": "Action Button Import Functionality",
              "fullTitle": "LoyaltiExpert Action Button Import Functionality",
              "timedOut": null,
              "duration": 26559,
              "state": "passed",
              "speed": "slow",
              "pass": true,
              "fail": false,
              "pending": false,
              "context": null,
              "code": "cy.get(\".btn-outline-primary.btn-sm.dropdown-toggle.text-bold-700.top-margin\").click();\ncy.wait(2000);\ncy.get('.dropdown-item').contains('Import').click();\ncy.get(\"#customermaster-importfileupload\").attachFile(\"demo1.csv\"); //cy.get(\"button[type='submit']\").click()\ncy.wait(3000);\ncy.get(\"label[for='customermaster-importfileupload']\").should(\"have.contain\", \"Import File Upload\"); //validate the text\ncy.get(\"button[type='submit']\").click(); //upload button\ncy.get('.btn.btn-format-size.btn-relief-danger.waves-effect.waves-light').click(); //cancel button functionality check\ncy.get('.btn-outline-primary').click(); //Action button\ncy.wait(2000);",
              "err": {},
              "uuid": "5ad95dfc-7c68-421d-b64c-12f00de471ea",
              "parentUUID": "928400de-941d-4282-b54e-3fa2a1e436a6",
              "isHook": false,
              "skipped": false
            },
            {
              "title": "Action Button Assign Sales User Functionality",
              "fullTitle": "LoyaltiExpert Action Button Assign Sales User Functionality",
              "timedOut": null,
              "duration": 22934,
              "state": "passed",
              "speed": "slow",
              "pass": true,
              "fail": false,
              "pending": false,
              "context": null,
              "code": "cy.wait(2000);\ncy.get('.dropdown-item').contains('Assign Sales User').click({\n  force: true\n});\ncy.get(\"#customermaster-importsalesuserfileupload\").attachFile(\"demo1.csv\"); //clicking & uploading the file\ncy.wait(3000);\ncy.get(\"label[for='customermaster-importsalesuserfileupload']\").should(\"have.contain\", \"Import File Upload\"); //file upload visibility check or not\ncy.get('.btn.btn-format-size.btn-relief-danger.waves-effect.waves-light').click(); //cancel button\ncy.get('.btn-outline-primary').click();",
              "err": {},
              "uuid": "c63cdd01-2644-433e-96a3-a2aace6edc7c",
              "parentUUID": "928400de-941d-4282-b54e-3fa2a1e436a6",
              "isHook": false,
              "skipped": false
            },
            {
              "title": "Customer_Action_Edit_Menues",
              "fullTitle": "LoyaltiExpert Customer_Action_Edit_Menues",
              "timedOut": null,
              "duration": 35719,
              "state": "passed",
              "speed": "slow",
              "pass": true,
              "fail": false,
              "pending": false,
              "context": null,
              "code": "//cy.get(\"tbody tr:nth-child(1) td:nth-child(1) a:nth-child(1) em:nth-child(1)\").click({force:true}) //clicking on Edit\n//cy.get('[data-index=\"0\"] .text-left.btn-space .mr-1:first-child').click() // for edit\ncy.get(\"#headingSearch\").click(); //searching by name and then making chnages\ncy.get(\"#select2-customermastersearch-cust_member_id-container\").click(); //dropsown click\ncy.get(\"input[role='textbox']\").type(\"Rohini\"); //sending text 'Rohini\ncy.get('#select2-customermastersearch-cust_member_id-results').contains(\"Rohini\").click(); //from autosuggest select \"Rohini\"\ncy.get(\"button[type='submit']\").click();\ncy.get(\"div[class='pull-left d-none d-lg-block'] div[class='summary']\").should(\"have.text\", \"Showing 1-1 of 1 item.\");\ncy.get('#table1>tbody>[data-index=\"0\"]>.text-left.btn-space>.mr-1:first-child').click(); //clicking on Edit menue from the result table\ncy.get(\"#select2-customermaster-cust_category_id-container\").click().get(\"#customermaster-cust_category_id\").select(\"Retailer\", {\n  force: true\n}); // updated users grp from electrician to retailer\ncy.get(\"button[class='btn btn-format-size btn-relief-primary waves-effect waves-light']\").click(); //clicking on update\ncy.wait(3000);\ncy.contains(\"Your change updated successfully.\").should(\"be.visible\");\ncy.get(\"tbody tr:nth-child(1) td:nth-child(1) a:nth-child(1) em:nth-child(1)\").click({\n  force: true\n}); //again click on edit\ncy.get(\"button[value='update']\").click();\ncy.wait(3000);\ncy.contains(\"Your change applied successfully.\").should(\"be.visible\"); //cy.get(\".toast-title\").should(\"be.visible\") //click on Apply\ncy.title().should('include', \"Update Customer\"); //validating title of the page\ncy.get(\".btn.btn-format-size.btn-relief-danger.waves-effect.waves-light\").click(); //clicking on cancel button\ncy.title().should('include', \"Customers\"); //validating after cancel on customer dashbrd",
              "err": {},
              "uuid": "6cdb1f18-0a0a-4c89-a584-a70575968d71",
              "parentUUID": "928400de-941d-4282-b54e-3fa2a1e436a6",
              "isHook": false,
              "skipped": false
            },
            {
              "title": "Customer_Action_Delete_menues",
              "fullTitle": "LoyaltiExpert Customer_Action_Delete_menues",
              "timedOut": null,
              "duration": 16992,
              "state": "passed",
              "speed": "slow",
              "pass": true,
              "fail": false,
              "pending": false,
              "context": null,
              "code": "cy.get('[data-index=\"0\"] .text-left.btn-space .mr-1:nth-child(2)').click({\n  force: true\n}); //for delete\ncy.wait(1000);\ncy.get(\"#add_comment_input\").type(\"deleting..\");\ncy.get('.btn-primary.add_comment.waves-effect.waves-light').click();\ncy.wait(3000);\ncy.contains(\"Removed Successfully\").should(\"be.visible\");",
              "err": {},
              "uuid": "b2cf86ef-8b29-4ece-a8b3-1aba7b79c085",
              "parentUUID": "928400de-941d-4282-b54e-3fa2a1e436a6",
              "isHook": false,
              "skipped": false
            },
            {
              "title": "Customer_Action_View_menues",
              "fullTitle": "LoyaltiExpert Customer_Action_View_menues",
              "timedOut": null,
              "duration": 14678,
              "state": "passed",
              "speed": "slow",
              "pass": true,
              "fail": false,
              "pending": false,
              "context": null,
              "code": "cy.get('[data-index=\"0\"] .text-left.btn-space .mr-1:nth-child(3)').click(); //for view\ncy.get(\"#headingSearch\").should(\"have.text\", \"View Customer\"); //verifying heading",
              "err": {},
              "uuid": "857ab6eb-8caf-408c-96c4-7f1384af74d7",
              "parentUUID": "928400de-941d-4282-b54e-3fa2a1e436a6",
              "isHook": false,
              "skipped": false
            },
            {
              "title": "Customer_Action_Verify_menues",
              "fullTitle": "LoyaltiExpert Customer_Action_Verify_menues",
              "timedOut": null,
              "duration": 17530,
              "state": "passed",
              "speed": "slow",
              "pass": true,
              "fail": false,
              "pending": false,
              "context": null,
              "code": "cy.get('[data-index=\"0\"] .text-left.btn-space .mr-1:nth-child(5)').click({\n  force: true\n}); //for verify\ncy.wait(1000);\ncy.get('.swal2-confirm').click();\ncy.wait(3000);\ncy.contains(\"Verification changed successfully\").should(\"be.visible\");",
              "err": {},
              "uuid": "46cba7c7-b503-412f-89d3-0a996c939127",
              "parentUUID": "928400de-941d-4282-b54e-3fa2a1e436a6",
              "isHook": false,
              "skipped": false
            },
            {
              "title": "Column_visibility",
              "fullTitle": "LoyaltiExpert Column_visibility",
              "timedOut": null,
              "duration": 13178,
              "state": "passed",
              "speed": "slow",
              "pass": true,
              "fail": false,
              "pending": false,
              "context": null,
              "code": "cy.get(\".btn.btn-default.dropdown-toggle\").click();\ncy.get('.dropdown-menu.show>li>label>[data-field=\"3\"]').uncheck().should(\"not.be.checked\"); //customer mobile no colum unchecked",
              "err": {},
              "uuid": "0853450a-88c5-4685-a8fd-9e2d4a6c67a2",
              "parentUUID": "928400de-941d-4282-b54e-3fa2a1e436a6",
              "isHook": false,
              "skipped": false
            }
          ],
          "suites": [],
          "passes": [
            "27232148-11dc-4964-8ffe-31bd60bc0359",
            "8273c742-a318-4acc-adc3-0e7718a0626a",
            "e676d8e9-60c8-4f4f-a108-6a9449b77895",
            "5d2513c1-59c4-43b5-98e2-8489f461b6fb",
            "507ae774-2fc6-421f-a0c4-f191977260b9",
            "6fb361bd-f5fa-4875-bfe6-9ea7242f9f00",
            "5ad95dfc-7c68-421d-b64c-12f00de471ea",
            "c63cdd01-2644-433e-96a3-a2aace6edc7c",
            "6cdb1f18-0a0a-4c89-a584-a70575968d71",
            "b2cf86ef-8b29-4ece-a8b3-1aba7b79c085",
            "857ab6eb-8caf-408c-96c4-7f1384af74d7",
            "46cba7c7-b503-412f-89d3-0a996c939127",
            "0853450a-88c5-4685-a8fd-9e2d4a6c67a2"
          ],
          "failures": [],
          "pending": [],
          "skipped": [],
          "duration": 313136,
          "root": false,
          "rootEmpty": false,
          "_timeout": 2000
        }
      ],
      "passes": [],
      "failures": [],
      "pending": [],
      "skipped": [],
      "duration": 0,
      "root": true,
      "rootEmpty": true,
      "_timeout": 2000
    },
    {
      "uuid": "c2aa258a-20c1-457d-aefe-c20633d2f711",
      "title": "",
      "fullFile": "cypress/integration/createusernode.js",
      "file": "cypress/integration/createusernode.js",
      "beforeHooks": [],
      "afterHooks": [],
      "tests": [],
      "suites": [
        {
          "uuid": "da76e985-4d8b-43ca-84b6-f44107b16569",
          "title": "createuser",
          "fullFile": "",
          "file": "",
          "beforeHooks": [],
          "afterHooks": [],
          "tests": [
            {
              "title": "norowsandcolumums ",
              "fullTitle": "createuser norowsandcolumums ",
              "timedOut": null,
              "duration": 15110,
              "state": "passed",
              "speed": "slow",
              "pass": true,
              "fail": false,
              "pending": false,
              "context": null,
              "code": "cy.get(\"#table1>tbody>tr\").should('be.visible');\ncy.get(\".table.table-striped.display.nowrap.table-bordered.sorting_asc.table-hover>thead>tr>th\").should('have.length', '8');",
              "err": {},
              "uuid": "e04dd21d-1c8e-41bc-80f6-bdafc6dc4351",
              "parentUUID": "da76e985-4d8b-43ca-84b6-f44107b16569",
              "isHook": false,
              "skipped": false
            },
            {
              "title": "adduser ",
              "fullTitle": "createuser adduser ",
              "timedOut": null,
              "duration": 27276,
              "state": "passed",
              "speed": "slow",
              "pass": true,
              "fail": false,
              "pending": false,
              "context": null,
              "code": "cy.wait(2000);\ncy.get('#hov').click(); //cy.get('#headingCredentialDetails > h6').contains{\"Credential Details\"}\ncy.get('.breadcrumb > .active').should(\"contain\", \"Create User\");\ncy.get('#subusermaster-sub_user_username').type(\"cypress_test@ecosmob.com\"); //cy.get('#subusermaster-sub_user_username').should(\"have.value\",\"neha.suryawanshi@ecosmob.com\")\n// cy.get('#headingBasicDetails > h6').contains{\"Basic Details\"}\ncy.get(\"#subusermaster-sub_user_password\").type(\"test@123\"); //.should(\"have.value\",\"test@123\")\ncy.get('#subusermaster-sub_user_first_name').type(\"cypress\").should(\"have.value\", \"cypress\"); // cy.get('.field-subusermaster-sub_user_last_name > .control-label').contains{\"Lastname\"}\ncy.get('#subusermaster-sub_user_last_name').type(\"Test\").should(\"have.value\", \"Test\");\ncy.get('#subusermaster-sub_user_contact_number').type(\"1234567890\").should(\"have.value\", \"1234567890\");\ncy.get('#select2-tenant_master_search_user_gender-container').click().get(\"#tenant_master_search_user_gender\").select(\"Male\", {\n  force: true\n});\ncy.get(\"#select2-subusermaster-rm_id-container\").click({\n  force: true\n}).get(\"#subusermaster-rm_id\").select(\"invoice download\", {\n  force: true\n}); // cy.get('#select2-subusermaster-sub_user_department_id-container').click().get(\"#select2-subusermaster-sub_user_department_id-results\").select(\"Testing\",{force:true})\ncy.get(\"#select2-subusermaster-sub_user_department_id-container\").click().get('#subusermaster-sub_user_department_id').select(\"Testing\", {\n  force: true\n});\ncy.get(\".btn-relief-primary\").click();\ncy.get('.btn-relief-danger').should('be.visible');\ncy.wait(3000);\ncy.reload();\ncy.wait(3000);",
              "err": {},
              "uuid": "10732a43-9b96-4f8a-94fb-7e4ec74d0dc6",
              "parentUUID": "da76e985-4d8b-43ca-84b6-f44107b16569",
              "isHook": false,
              "skipped": false
            },
            {
              "title": "edituserpage",
              "fullTitle": "createuser edituserpage",
              "timedOut": null,
              "duration": 12845,
              "state": "passed",
              "speed": "slow",
              "pass": true,
              "fail": false,
              "pending": false,
              "context": null,
              "code": "cy.get('[data-index=\"0\"] .text-left.btn-space .mr-1:first-child').click();\ncy.get(\"[name$='SubUserMaster[sub_user_first_name]']\").clear();\ncy.get(\"[name$='SubUserMaster[sub_user_first_name]']\").type(\"automation\");\ncy.get(\"button[class='btn btn-format-size btn-relief-primary waves-effect waves-light']\").click(); //.first().contains(\"Update\").click()",
              "err": {},
              "uuid": "e6f0b926-8648-4b54-9981-15a97cc3d5cb",
              "parentUUID": "da76e985-4d8b-43ca-84b6-f44107b16569",
              "isHook": false,
              "skipped": false
            },
            {
              "title": "deleteuser",
              "fullTitle": "createuser deleteuser",
              "timedOut": null,
              "duration": 11937,
              "state": "passed",
              "speed": "slow",
              "pass": true,
              "fail": false,
              "pending": false,
              "context": null,
              "code": "cy.get('[data-index=\"0\"] .text-left.btn-space .mr-1:nth-child(2)').click(); //delete \ncy.on('window:confirm', t => {\n  expect(t).to.contains('Are you sure want to delete this record?');\n});\ncy.get(\".toast-message\").should('contain', \"Deleted Successfully\");",
              "err": {},
              "uuid": "7c2dd4cf-7dfa-489e-9680-ddd7dfb2a72e",
              "parentUUID": "da76e985-4d8b-43ca-84b6-f44107b16569",
              "isHook": false,
              "skipped": false
            },
            {
              "title": "login in listing ",
              "fullTitle": "createuser login in listing ",
              "timedOut": null,
              "duration": 25948,
              "state": "passed",
              "speed": "slow",
              "pass": true,
              "fail": false,
              "pending": false,
              "context": null,
              "code": "cy.get(\"div[class='fixed-table-header'] th:nth-child(2) div:nth-child(1)\").should('be.visible'); //login in listing \ncy.get('[data-index=\"0\"] > [data-label=\"Login\"] > form > .btn').click();\ncy.get('form > .btn').should('be.visible');\ncy.wait(5000);\ncy.get('form > .btn').click();",
              "err": {},
              "uuid": "722d6959-3bb5-4dab-b753-663e9d9e300e",
              "parentUUID": "da76e985-4d8b-43ca-84b6-f44107b16569",
              "isHook": false,
              "skipped": false
            },
            {
              "title": "dropdowncheck ",
              "fullTitle": "createuser dropdowncheck ",
              "timedOut": null,
              "duration": 11706,
              "state": "passed",
              "speed": "slow",
              "pass": true,
              "fail": false,
              "pending": false,
              "context": null,
              "code": "cy.get('.btn.btn-default.dropdown-toggle').click(); //3 line dropdown\ncy.get('.dropdown-menu.show>li>label>[data-field=\"0\"]').uncheck().should('not.be.checked');\ncy.get('.dropdown-menu.show>li>label>[data-field=\"0\"]').check().should('be.checked');",
              "err": {},
              "uuid": "65efc3c4-1951-4559-8a93-365029cdeff2",
              "parentUUID": "da76e985-4d8b-43ca-84b6-f44107b16569",
              "isHook": false,
              "skipped": false
            },
            {
              "title": "searchuser ",
              "fullTitle": "createuser searchuser ",
              "timedOut": null,
              "duration": 13822,
              "state": "passed",
              "speed": "slow",
              "pass": true,
              "fail": false,
              "pending": false,
              "context": null,
              "code": "cy.get('#headingSubUserMasterSearch').click(); //search\ncy.get('#subusermastersearch-sub_user_member_id').type('4993595853').should(\"have.value\", \"4993595853\");\ncy.get('#subusermastersearch-sub_user_username').type('subusernew@gmail.com').should(\"have.value\", \"subusernew@gmail.com\"); // cy.get('[id^=\"select2-tenant_master_sub_user_status-result-\"]').eq(0).click()\n// cy.get(\"#select2-tenant_master_sub_user_status-container\").click().get(\"#select2-tenant_master_sub_user_status-container\").select(\"Active\",{force:true})\n//cy.get('.dropdown-item').contains('Active').click()\n//cy.get(\"select2-tenant_master_sub_user_status-container\").select(\"Active\")\ncy.get(\"#select2-tenant_master_sub_user_status-container\").click().get(\"#tenant_master_sub_user_status\").select(\"Active\", {\n  force: true\n});\ncy.get(\"#select2-subusermastersearch-rm_id-container\").click().get(\"#subusermastersearch-rm_id\").select(\"Special Loyalty Test Role\", {\n  force: true\n});\ncy.get(\"#select2-subusermastersearch-sub_user_department_id-container\").click().get(\"#subusermastersearch-sub_user_department_id\").select(\"Testing\", {\n  force: true\n}); // cy.get(\".btn btn-format-size btn-relief-primary waves-effect waves-light\").click()\ncy.get('.btn-relief-primary').click();\ncy.get('.btn-relief-danger').should(\"be.visible\");\ncy.get('.breadcrumb > .active').click();",
              "err": {},
              "uuid": "dae5b11d-0f92-4007-b157-7c3632a6e4d8",
              "parentUUID": "da76e985-4d8b-43ca-84b6-f44107b16569",
              "isHook": false,
              "skipped": false
            }
          ],
          "suites": [],
          "passes": [
            "e04dd21d-1c8e-41bc-80f6-bdafc6dc4351",
            "10732a43-9b96-4f8a-94fb-7e4ec74d0dc6",
            "e6f0b926-8648-4b54-9981-15a97cc3d5cb",
            "7c2dd4cf-7dfa-489e-9680-ddd7dfb2a72e",
            "722d6959-3bb5-4dab-b753-663e9d9e300e",
            "65efc3c4-1951-4559-8a93-365029cdeff2",
            "dae5b11d-0f92-4007-b157-7c3632a6e4d8"
          ],
          "failures": [],
          "pending": [],
          "skipped": [],
          "duration": 118644,
          "root": false,
          "rootEmpty": false,
          "_timeout": 2000
        }
      ],
      "passes": [],
      "failures": [],
      "pending": [],
      "skipped": [],
      "duration": 0,
      "root": true,
      "rootEmpty": true,
      "_timeout": 2000
    },
    {
      "uuid": "d7b83ca2-484a-4b00-afac-8e3571741d04",
      "title": "",
      "fullFile": "cypress/integration/departmenttnode.js",
      "file": "cypress/integration/departmenttnode.js",
      "beforeHooks": [],
      "afterHooks": [],
      "tests": [],
      "suites": [
        {
          "uuid": "d4ba5360-f06e-45a5-833c-578bf4dbfc5c",
          "title": "createuser",
          "fullFile": "",
          "file": "",
          "beforeHooks": [],
          "afterHooks": [],
          "tests": [
            {
              "title": "addnewdepartment ",
              "fullTitle": "createuser addnewdepartment ",
              "timedOut": null,
              "duration": 33342,
              "state": "passed",
              "speed": "slow",
              "pass": true,
              "fail": false,
              "pending": false,
              "context": null,
              "code": "cy.get(\"#hov\").click();\ncy.get('.breadcrumb > .active').should(\"be.visible\");\ncy.get(\".btn.btn-format-size.btn-relief-danger.waves-effect.waves-light\").should('be.visible');\ncy.get(\"#departments-department_name\").type(\"Testing1\") //add new\n.should(\"have.value\", \"Testing1\");\ncy.get(\"#departments-department_desc\").type(\"Here is testing for automation\").should(\"have.value\", \"Here is testing for automation\");\ncy.get('.btn-relief-primary').click();\ncy.get('.toast-title').should(\"be.visible\");\ncy.wait(5000);",
              "err": {},
              "uuid": "6e2b2760-ee9a-4898-8aed-0ab975dcc1ee",
              "parentUUID": "d4ba5360-f06e-45a5-833c-578bf4dbfc5c",
              "isHook": false,
              "skipped": false
            },
            {
              "title": "searchdepartment",
              "fullTitle": "createuser searchdepartment",
              "timedOut": null,
              "duration": 17974,
              "state": "passed",
              "speed": "slow",
              "pass": true,
              "fail": false,
              "pending": false,
              "context": null,
              "code": "cy.get('#headingSearch').click(); //search\ncy.get('#departmentssearch-department_name').type(\"Testing1\").should(\"have.value\", \"Testing1\"); //cy.reload()\ncy.get(\".btn.btn-format-size.btn-relief-danger.waves-effect.waves-light\").should(\"be.visible\");\ncy.get('.btn-relief-primary').click();\ncy.reload();\ncy.wait(3000);",
              "err": {},
              "uuid": "4119f75b-4c90-4e42-b462-97927a9fb769",
              "parentUUID": "d4ba5360-f06e-45a5-833c-578bf4dbfc5c",
              "isHook": false,
              "skipped": false
            },
            {
              "title": "Delete_depart",
              "fullTitle": "createuser Delete_depart",
              "timedOut": null,
              "duration": 11881,
              "state": "passed",
              "speed": "slow",
              "pass": true,
              "fail": false,
              "pending": false,
              "context": null,
              "code": "//cy.get('[data-index=\"0\"] > .btn-space > #department-delete-id > .feather').click()\ncy.get('[data-index=\"0\"] .text-left.btn-space .mr-1:nth-child(2)').click({\n  force: true\n}); //for delete\ncy.get('.modal-footer>[onclick=\"deleteDepartment()\"]').click(); //cy.wait(1000)\n// cy.get(\"#add_comment_input\").type(\"deleting..\")\n// cy.get('.btn-primary.add_comment.waves-effect.waves-light').click()\n//cy.wait(3000)\n// cy.get('#main-menu-navigation>li>[href=\"/departments/departments/index\"]').click()\n//cy.contains(\"Deleted Successfully\").should(\"be.visible\");",
              "err": {},
              "uuid": "716a020e-1bba-4b47-a89d-e41b4e560699",
              "parentUUID": "d4ba5360-f06e-45a5-833c-578bf4dbfc5c",
              "isHook": false,
              "skipped": false
            },
            {
              "title": "Import_Functionality",
              "fullTitle": "createuser Import_Functionality",
              "timedOut": null,
              "duration": 14347,
              "state": "passed",
              "speed": "slow",
              "pass": true,
              "fail": false,
              "pending": false,
              "context": null,
              "code": "//cy.get('.btn-group > .dropdown-menu > .dropdown-item').click()  \n//cy.get(\".btn-group dropdown\").click().get('dropdown-menu').select[\"Import\"]\n// cy.get(\".dropdown-menu.show\").select(\"Import\")\ncy.get('.card-header > .btn-group > .btn').click();\ncy.get('.dropdown-menu>[href=\"/departments/departments/import\"]:first-child').click(); //cy.get('.btn-group > .dropdown-menu > .dropdown-item').click()\ncy.get(\".breadcrumb-item.active\").should(\"have.text\", \"Import Deparments\");\ncy.get(\"button[type='submit']\").should(\"be.visible\");",
              "err": {},
              "uuid": "0899c7d6-44f5-4ce5-8dab-fa2625dd9ad0",
              "parentUUID": "d4ba5360-f06e-45a5-833c-578bf4dbfc5c",
              "isHook": false,
              "skipped": false
            }
          ],
          "suites": [],
          "passes": [
            "6e2b2760-ee9a-4898-8aed-0ab975dcc1ee",
            "4119f75b-4c90-4e42-b462-97927a9fb769",
            "716a020e-1bba-4b47-a89d-e41b4e560699",
            "0899c7d6-44f5-4ce5-8dab-fa2625dd9ad0"
          ],
          "failures": [],
          "pending": [],
          "skipped": [],
          "duration": 77544,
          "root": false,
          "rootEmpty": false,
          "_timeout": 2000
        }
      ],
      "passes": [],
      "failures": [],
      "pending": [],
      "skipped": [],
      "duration": 0,
      "root": true,
      "rootEmpty": true,
      "_timeout": 2000
    },
    {
      "uuid": "3067596e-f285-4feb-9fbf-08cb07e8ea67",
      "title": "",
      "fullFile": "cypress/integration/Search_Customer.cy.js",
      "file": "cypress/integration/Search_Customer.cy.js",
      "beforeHooks": [],
      "afterHooks": [],
      "tests": [],
      "suites": [
        {
          "uuid": "25e7c9ac-f87f-4319-b5b1-edecc7fee5aa",
          "title": "LoyaltiExpert_Search By Different Parameters",
          "fullFile": "",
          "file": "",
          "beforeHooks": [],
          "afterHooks": [],
          "tests": [
            {
              "title": "Search with: Name",
              "fullTitle": "LoyaltiExpert_Search By Different Parameters Search with: Name",
              "timedOut": null,
              "duration": 26232,
              "state": "passed",
              "speed": "slow",
              "pass": true,
              "fail": false,
              "pending": false,
              "context": null,
              "code": "cy.get(\"#headingSearch\").click(); //Search by Name\ncy.get(\"#select2-customermastersearch-cust_member_id-container\").click(); //dropsown click\ncy.get(\"input[role='textbox']\").type(\"Rohini\"); //sending text 'Rohini\ncy.get('#select2-customermastersearch-cust_member_id-results').contains(\"Rohini\").click(); //from autosuggest select \"Rohini\"\n// cy.get(\"#select2-customermastersearch-cust_member_id-results\").select(\"Rohini\")\n/*cy.get(\".select2-results__options\").click()*/\ncy.get(\"button[type='submit']\").click();\ncy.get(\"div[class='pull-left d-none d-lg-block'] div[class='summary']\").should(\"have.text\", \"Showing 1-1 of 1 item.\");\ncy.get(\"#headingSearch\").click();\ncy.get(\"#select2-customermastersearch-cust_member_id-container\").click(); //click on search button\ncy.get(\"input[role='textbox']\").clear(); // cy.get(\"div[class='pull-left d-none d-lg-block'] div[class='summary']\").should(\"have.text\",\"Showing 1-1 of 1 item.\")",
              "err": {},
              "uuid": "256e054f-7b99-4606-bcd1-22874f6cedf6",
              "parentUUID": "25e7c9ac-f87f-4319-b5b1-edecc7fee5aa",
              "isHook": false,
              "skipped": false
            },
            {
              "title": "Search with: Mobile No:",
              "fullTitle": "LoyaltiExpert_Search By Different Parameters Search with: Mobile No:",
              "timedOut": null,
              "duration": 25965,
              "state": "passed",
              "speed": "slow",
              "pass": true,
              "fail": false,
              "pending": false,
              "context": null,
              "code": "//search by Mobile no\ncy.wait(3000);\ncy.get(\"#headingSearch\").click();\ncy.get('#customermastersearch-cust_mobile_number').type('2222222222', {\n  force: true\n});\ncy.get(\"button[type='submit']\").click();\ncy.wait(3000);\ncy.get(\"div[class='pull-left d-none d-lg-block'] div[class='summary']\").should(\"have.text\", \"Showing 1-1 of 1 item.\");\ncy.wait(3000);\ncy.get(\"#headingSearch\").click();\ncy.wait(3000);\ncy.get('#customermastersearch-cust_mobile_number').clear();",
              "err": {},
              "uuid": "ae20849f-78e8-45ef-9e4f-926e918cbd94",
              "parentUUID": "25e7c9ac-f87f-4319-b5b1-edecc7fee5aa",
              "isHook": false,
              "skipped": false
            },
            {
              "title": "Search with: Customer_group",
              "fullTitle": "LoyaltiExpert_Search By Different Parameters Search with: Customer_group",
              "timedOut": null,
              "duration": 24725,
              "state": "passed",
              "speed": "slow",
              "pass": true,
              "fail": false,
              "pending": false,
              "context": null,
              "code": "//search by Customer Group\ncy.wait(3000); //cy.get(\"#headingSearch\").click()\n//cy.get('#customermastersearch-cust_category_id').contains('Electrician').click({force:true})\ncy.get(\"#select2-customermastersearch-cust_category_id-container\").click({\n  force: true\n}).get('#customermastersearch-cust_category_id').select(\"Electrician\", {\n  force: true\n});\ncy.get(\"button[type='submit']\").click({\n  force: true\n});\ncy.wait(3000);\ncy.get(\"div[class='pull-left d-none d-lg-block'] div[class='summary']\").contains(\"Showing\");\n/*let total_page=10\nfor(let p=3;p<=total_page;p++)\n{\nif(total_page>=1)\n{\ncy.log(\"active pages are: \"+p)\ncy.get(\"ul[class='pagination']>li:nth-child(\"+p+\")\")\ncy.wait(3000)\n// to read the  col\ncy.get(\".fixed-table-body>#table1>thead>tr>th\")\n//.fixed-table-body>#table1>thead>tr>th:nth-child(4)\n//div[class='fixed-table-header'] th:nth-child(1) div:nth-child(1)\n .each(($row, index,$rows)=>\n {// getting every row, index of row\n  cy.wrap($row).within( () =>\n   { //.fixed-table-body>#table1>tbody>tr>td:nth-child(4)\n      cy.get(\"#table1>tbody>tr>td:nth-child(4)\").then( (e)=>\n      {\n            cy.log(e.text());\n  \n      })\n   })\n })\n}\n}*/\ncy.wait(3000);\ncy.get(\"#headingSearch\").click();\ncy.wait(3000);\ncy.get(\"#select2-customermastersearch-cust_category_id-container\").click({\n  force: true\n}).get('#customermastersearch-cust_category_id').select(\"Select All\", {\n  force: true\n});",
              "err": {},
              "uuid": "e023608f-65a8-4ff8-95ad-2eb810e802fd",
              "parentUUID": "25e7c9ac-f87f-4319-b5b1-edecc7fee5aa",
              "isHook": false,
              "skipped": false
            },
            {
              "title": "Search with: Status",
              "fullTitle": "LoyaltiExpert_Search By Different Parameters Search with: Status",
              "timedOut": null,
              "duration": 24334,
              "state": "passed",
              "speed": "slow",
              "pass": true,
              "fail": false,
              "pending": false,
              "context": null,
              "code": "//search with Status \ncy.wait(3000);\ncy.get(\"#select2-customermastersearch-cust_status-container\").click({\n  force: true\n}).get('#customermastersearch-cust_status').select(\"Inactive\", {\n  force: true\n});\ncy.wait(3000);\ncy.get(\"button[type='submit']\").click({\n  force: true\n});\ncy.wait(3000);\ncy.get(\"div[class='pull-left d-none d-lg-block'] div[class='summary']\").should(\"have.contain\", \"Showing\"); // validating the showing word\ncy.get(\"#headingSearch\").click();\ncy.wait(3000);\ncy.get(\"#select2-customermastersearch-cust_status-container\").click({\n  force: true\n}).get('#customermastersearch-cust_status').select(\"Select All\", {\n  force: true\n});",
              "err": {},
              "uuid": "46c504de-0c2e-4617-ab74-675544e55428",
              "parentUUID": "25e7c9ac-f87f-4319-b5b1-edecc7fee5aa",
              "isHook": false,
              "skipped": false
            },
            {
              "title": "Search With: Profile_Completed",
              "fullTitle": "LoyaltiExpert_Search By Different Parameters Search With: Profile_Completed",
              "timedOut": null,
              "duration": 28478,
              "state": "passed",
              "speed": "slow",
              "pass": true,
              "fail": false,
              "pending": false,
              "context": null,
              "code": "cy.wait(3000);\ncy.get('#select2-customermastersearch-is_profile_complete-container').click({\n  force: true\n}).get('#customermastersearch-is_profile_complete').select(\"Yes\", {\n  force: true\n});\ncy.wait(3000);\ncy.get(\"button[type='submit']\").click({\n  force: true\n});\ncy.wait(3000);\ncy.get(\"div[class='pull-left d-none d-lg-block'] div[class='summary']\").should(\"have.contain\", \"Showing\");\ncy.wait(3000);\ncy.get(\"#headingSearch\").click();\ncy.wait(3000);\ncy.get('#select2-customermastersearch-is_profile_complete-container').click({\n  force: true\n}).get('#customermastersearch-is_profile_complete').select(\"Select All\", {\n  force: true\n});",
              "err": {},
              "uuid": "286f2fc6-08dd-4387-9091-05e7b50c91f8",
              "parentUUID": "25e7c9ac-f87f-4319-b5b1-edecc7fee5aa",
              "isHook": false,
              "skipped": false
            },
            {
              "title": "Search with: Country, State & city",
              "fullTitle": "LoyaltiExpert_Search By Different Parameters Search with: Country, State & city",
              "timedOut": null,
              "duration": 44323,
              "state": "passed",
              "speed": "slow",
              "pass": true,
              "fail": false,
              "pending": false,
              "context": null,
              "code": "//search with Country\ncy.wait(3000);\ncy.get(\"#select2-customermastersearch-country_id-container\").click({\n  force: true\n}).get(\"#customermastersearch-country_id\").select(\"India\", {\n  force: true\n}); //1st-click button, 2nd get-list \ncy.wait(3000); //search with States\ncy.get(\"#select2-customermastersearch-state_id-container\").click({\n  force: true\n}).get(\"#customermastersearch-state_id\").select(\"Maharashtra\", {\n  force: true\n}); //1st-click button, 2nd get-list \ncy.wait(3000); //search with City\ncy.get(\"#select2-customermastersearch-city_id-container\").click({\n  force: true\n}).get(\"#customermastersearch-city_id\").select(\"Pune\", {\n  force: true\n}); //1st-click button, 2nd get-list \ncy.wait(3000);\ncy.get(\"button[type='submit']\").click({\n  force: true\n});\ncy.wait(3000);\ncy.get(\"div[class='pull-left d-none d-lg-block'] div[class='summary']\").should('have.contain', \"Showing\");\ncy.wait(3000);\ncy.get(\"#headingSearch\").click();\ncy.wait(3000);\ncy.get(\"#select2-customermastersearch-country_id-container\").click({\n  force: true\n}).get(\"#customermastersearch-country_id\").select(\"Select All\", {\n  force: true\n}); //1st-click button, 2nd get-list \ncy.wait(3000);\ncy.get(\"#select2-customermastersearch-state_id-container\").click({\n  force: true\n}).get(\"#customermastersearch-state_id\").select(\"Select All\", {\n  force: true\n}); //1st-click button, 2nd get-list \ncy.wait(3000);\ncy.get(\"#select2-customermastersearch-city_id-container\").click({\n  force: true\n}).get(\"#customermastersearch-city_id\").select(\"Select All\", {\n  force: true\n});\ncy.wait(3000);",
              "err": {},
              "uuid": "af65750a-c5a3-4744-b7a8-0b35bfb50321",
              "parentUUID": "25e7c9ac-f87f-4319-b5b1-edecc7fee5aa",
              "isHook": false,
              "skipped": false
            },
            {
              "title": "Search with: Verified Customer",
              "fullTitle": "LoyaltiExpert_Search By Different Parameters Search with: Verified Customer",
              "timedOut": null,
              "duration": 24440,
              "state": "passed",
              "speed": "slow",
              "pass": true,
              "fail": false,
              "pending": false,
              "context": null,
              "code": "//with Verified Customer\ncy.get(\"#select2-customermastersearch-is_verified-container\").click({\n  force: true\n}).get(\"#customermastersearch-is_verified\").select(\"YES\", {\n  force: true\n});\ncy.wait(3000);\ncy.get(\"button[type='submit']\").click({\n  force: true\n});\ncy.wait(3000);\ncy.get(\"div[class='pull-left d-none d-lg-block'] div[class='summary']\").should(\"have.contain\", 'Showing');\ncy.wait(3000);\ncy.get(\"#headingSearch\").click();\ncy.wait(3000);",
              "err": {},
              "uuid": "1cb1d2dc-7c25-4f9a-aa9c-cfd59efffa65",
              "parentUUID": "25e7c9ac-f87f-4319-b5b1-edecc7fee5aa",
              "isHook": false,
              "skipped": false
            },
            {
              "title": "Search with: KYC Status",
              "fullTitle": "LoyaltiExpert_Search By Different Parameters Search with: KYC Status",
              "timedOut": null,
              "duration": 30164,
              "state": "passed",
              "speed": "slow",
              "pass": true,
              "fail": false,
              "pending": false,
              "context": null,
              "code": "//search with KYC statas\ncy.wait(3000); //search link click\ncy.get(\"#select2-customermastersearch-kyc_status-container\").click({\n  force: true\n}).get(\"#customermastersearch-kyc_status\").select(\"Rejected\", {\n  force: true\n});\ncy.wait(3000);\ncy.get(\"button[type='submit']\").click({\n  force: true\n});\ncy.wait(3000);\ncy.get(\"div[class='pull-left d-none d-lg-block'] div[class='summary']\").should(\"have.contain\", 'Showing');\ncy.wait(3000);\ncy.get(\"#headingSearch\").click();\ncy.wait(3000);\ncy.get(\"#select2-customermastersearch-kyc_status-container\").click({\n  force: true\n}).get(\"#customermastersearch-kyc_status\").select(\"Select All\", {\n  force: true\n}); // for reset button\ncy.get(\".btn-format-size.btn-relief-danger.waves-effect.waves-light\").click();",
              "err": {},
              "uuid": "2a2b2c45-da23-46df-b7ef-25d9a75ba988",
              "parentUUID": "25e7c9ac-f87f-4319-b5b1-edecc7fee5aa",
              "isHook": false,
              "skipped": false
            }
          ],
          "suites": [],
          "passes": [
            "256e054f-7b99-4606-bcd1-22874f6cedf6",
            "ae20849f-78e8-45ef-9e4f-926e918cbd94",
            "e023608f-65a8-4ff8-95ad-2eb810e802fd",
            "46c504de-0c2e-4617-ab74-675544e55428",
            "286f2fc6-08dd-4387-9091-05e7b50c91f8",
            "af65750a-c5a3-4744-b7a8-0b35bfb50321",
            "1cb1d2dc-7c25-4f9a-aa9c-cfd59efffa65",
            "2a2b2c45-da23-46df-b7ef-25d9a75ba988"
          ],
          "failures": [],
          "pending": [],
          "skipped": [],
          "duration": 228661,
          "root": false,
          "rootEmpty": false,
          "_timeout": 2000
        }
      ],
      "passes": [],
      "failures": [],
      "pending": [],
      "skipped": [],
      "duration": 0,
      "root": true,
      "rootEmpty": true,
      "_timeout": 2000
    }
  ],
  "meta": {
    "mocha": {
      "version": "7.0.1"
    },
    "mochawesome": {
      "options": {
        "quiet": false,
        "reportFilename": "mochawesome",
        "saveHtml": true,
        "saveJson": true,
        "consoleReporter": "spec",
        "useInlineDiffs": false,
        "code": true
      },
      "version": "7.1.3"
    },
    "marge": {
      "options": {
        "reportDir": "cypress/results",
        "overwrite": false,
        "html": true,
        "json": true
      },
      "version": "6.2.0"
    }
  }
}