{
  "stats": {
    "suites": 1,
    "tests": 13,
    "passes": 13,
    "pending": 0,
    "failures": 0,
    "start": "2023-01-10T11:53:39.951Z",
    "end": "2023-01-10T11:58:58.550Z",
    "duration": 318599,
    "testsRegistered": 13,
    "passPercent": 100,
    "pendingPercent": 0,
    "other": 0,
    "hasOther": false,
    "skipped": 0,
    "hasSkipped": false
  },
  "results": [
    {
      "uuid": "039a5a40-ed67-4b92-a8be-b910922b382a",
      "title": "",
      "fullFile": "cypress/integration/Cust_Auto.cy.js",
      "file": "cypress/integration/Cust_Auto.cy.js",
      "beforeHooks": [],
      "afterHooks": [],
      "tests": [],
      "suites": [
        {
          "uuid": "928400de-941d-4282-b54e-3fa2a1e436a6",
          "title": "LoyaltiExpert",
          "fullFile": "",
          "file": "",
          "beforeHooks": [],
          "afterHooks": [],
          "tests": [
            {
              "title": "Verify the Create_User Functionality",
              "fullTitle": "LoyaltiExpert Verify the Create_User Functionality",
              "timedOut": null,
              "duration": 70809,
              "state": "passed",
              "speed": "slow",
              "pass": true,
              "fail": false,
              "pending": false,
              "context": null,
              "code": "cy.get('[href=\"/customer/customer-master/create\"]').click(); //cy.get('.card-header > .btn-primary').click()\ncy.get('#customermaster-cust_mobile_number').type('9876543210');\ncy.get('#customermaster-cust_first_name').type(\"Rohini\");\ncy.get('#customermaster-cust_last_name').type(\"Kamble\");\ncy.get('#customermaster-cust_birthdate').click();\ncy.get(\"input[title='Scroll to increment']\").type(\"1989\", {\n  force: true\n});\n/*cy.get('#customermaster-cust_birthdate\".flatpickr-input').then($el => {\n $el.get(0)._flatpickr.setDate(15, true)})*/\n/*cy.get(\".cur-month\").click({force: true}).should(($div) =>{\n expect($div.text()).equal(\"march\")\n})*/\n/*recurse(\n  ()=> cy.get('.cur-month').invoke(\"text\"),\n  (n)=>{\n   if(!n.includes!=(\"March\"))\n  {\n    cy.get(\".flatpickr-prev-month\").click()\n    return false\n  }\n  cy.contains(\".flatpickr-days\",\"12\").click()\n  return true;\n            }, {limit: 12\n            } )*/\ncy.get('.field-tenant_master_search_user_gender > .select2-container > .selection > .select2-selection').click().get('#tenant_master_search_user_gender').select(\"Female\", {\n  force: true\n});\ncy.get('#select2-tenant_master_search_user_marital_status-container').click().get(\"#tenant_master_search_user_marital_status\").select(\"Married\", {\n  force: true\n});\ncy.get('#customermaster-alternate_mobile_number').type('1212121212');\ncy.get('#customermaster-cust_email_id').type('abcd@ecosmob.com');\ncy.get('#customermaster-cust_address').type(\"ABC Chowk, Pune\");\ncy.get('#select2-customermaster-country_id-container').click().get('#customermaster-country_id').select(\"India\", {\n  force: true\n});\ncy.get('#select2-customermaster-country_id-container').click().get('#customermaster-state_id').select(\"Maharashtra\", {\n  force: true\n});\ncy.get('#select2-customermaster-city_id-container').click().get('#customermaster-city_id').select(\"Pune\", {\n  force: true\n});\ncy.get('#customermaster-cust_postal_code').type('415004');\ncy.get('#select2-customermaster-cust_category_id-container').click().get('#customermaster-cust_category_id').select(\"test1\", {\n  force: true\n}); //cy.get('#select2-customermaster-cust_config_group_id-container').click().get('#customermaster-cust_config_group_id').select(\"test5\",{force: true})\ncy.get('.form-control[name=\"CustomerMaster[cust_company_name]\"]').type('Ecosmob pvt.ltd');\ncy.get('.form-control[name=\"CustomerMaster[cust_gst_number]\"]').type('ECOS12345');\ncy.get('#select2-customermaster-cust_status-container').click().get('#customermaster-cust_status').select(\"Active\", {\n  force: true\n});\ncy.get('#select2-customermaster-sales_user_member_id-container').click().get('#customermaster-sales_user_member_id').select(\"Leader 22\", {\n  force: true\n});\ncy.get('#is_verified').check(); //cy.get('button[type=\"submit\"]').click() // for submit button\ncy.get('.btn.btn-format-size.btn-relief-danger.waves-effect.waves-light').click(); //for cancel button",
              "err": {},
              "uuid": "27232148-11dc-4964-8ffe-31bd60bc0359",
              "parentUUID": "928400de-941d-4282-b54e-3fa2a1e436a6",
              "isHook": false,
              "skipped": false
            },
            {
              "title": "Verify the Back link of Customers Dashborad",
              "fullTitle": "LoyaltiExpert Verify the Back link of Customers Dashborad",
              "timedOut": null,
              "duration": 25565,
              "state": "passed",
              "speed": "slow",
              "pass": true,
              "fail": false,
              "pending": false,
              "context": null,
              "code": "cy.get('.card-header > .btn-primary').click();\ncy.get(\"div[class='content-wrapper'] li:nth-child(2) a:nth-child(1)\").click(); // for going back on customers page",
              "err": {},
              "uuid": "8273c742-a318-4acc-adc3-0e7718a0626a",
              "parentUUID": "928400de-941d-4282-b54e-3fa2a1e436a6",
              "isHook": false,
              "skipped": false
            },
            {
              "title": "Verify the Customers Page",
              "fullTitle": "LoyaltiExpert Verify the Customers Page",
              "timedOut": null,
              "duration": 12197,
              "state": "passed",
              "speed": "slow",
              "pass": true,
              "fail": false,
              "pending": false,
              "context": null,
              "code": "cy.title().should('include', 'Customers'); // verify it visits Customers_Page only",
              "err": {},
              "uuid": "e676d8e9-60c8-4f4f-a108-6a9449b77895",
              "parentUUID": "928400de-941d-4282-b54e-3fa2a1e436a6",
              "isHook": false,
              "skipped": false
            },
            {
              "title": "Verify the Different options display on Customers Page",
              "fullTitle": "LoyaltiExpert Verify the Different options display on Customers Page",
              "timedOut": null,
              "duration": 13072,
              "state": "passed",
              "speed": "slow",
              "pass": true,
              "fail": false,
              "pending": false,
              "context": null,
              "code": "cy.get(\"#table1\").should(\"be.visible\"); // table visibility\ncy.get(\".footer.footer-static.footer-light.d-none.d-lg-block\").should('be.visible'); //footer visibility\ncy.get('#headingSearch').should(\"be.visible\"); //search option visibility\ncy.get(\".btn-outline-primary.btn-sm.dropdown-toggle.text-bold-700.top-margin\").should(\"be.visible\"); //Action button visibility\ncy.get('.pagination').should(\"be.visible\"); // all the page no list should be visible",
              "err": {},
              "uuid": "5d2513c1-59c4-43b5-98e2-8489f461b6fb",
              "parentUUID": "928400de-941d-4282-b54e-3fa2a1e436a6",
              "isHook": false,
              "skipped": false
            },
            {
              "title": "Action_Button_Trashed_Functionality",
              "fullTitle": "LoyaltiExpert Action_Button_Trashed_Functionality",
              "timedOut": null,
              "duration": 23270,
              "state": "passed",
              "speed": "slow",
              "pass": true,
              "fail": false,
              "pending": false,
              "context": null,
              "code": "cy.get(\".btn-outline-primary.btn-sm.dropdown-toggle.text-bold-700.top-margin\").click();\ncy.wait(2000);\ncy.get('.dropdown-item').contains('Trashed').click();\ncy.get(\".btn-primary.btn-sm.text-bold-700[href='/customer/customer-master/export-trashed']\").should(\"be.visible\"); // In trashed Export button visibility\ncy.get('#hov').click();\ncy.get(\".breadcrumb-item.active\").should(\"be.visible\"); //customers heading is visible or not\ncy.get('.btn-outline-primary').click();",
              "err": {},
              "uuid": "507ae774-2fc6-421f-a0c4-f191977260b9",
              "parentUUID": "928400de-941d-4282-b54e-3fa2a1e436a6",
              "isHook": false,
              "skipped": false
            },
            {
              "title": "Action Button Export Functionality",
              "fullTitle": "LoyaltiExpert Action Button Export Functionality",
              "timedOut": null,
              "duration": 20633,
              "state": "passed",
              "speed": "slow",
              "pass": true,
              "fail": false,
              "pending": false,
              "context": null,
              "code": "cy.get(\".btn-outline-primary.btn-sm.dropdown-toggle.text-bold-700.top-margin\").click();\ncy.wait(2000);\ncy.get('.dropdown-item').contains('Export').click();\ncy.get('strong:nth-child(1)').should(\"have.contain\", \"Export is in progress\"); // text validation\ncy.get(\".btn-outline-primary.btn-sm.dropdown-toggle.text-bold-700.top-margin\").click();",
              "err": {},
              "uuid": "6fb361bd-f5fa-4875-bfe6-9ea7242f9f00",
              "parentUUID": "928400de-941d-4282-b54e-3fa2a1e436a6",
              "isHook": false,
              "skipped": false
            },
            {
              "title": "Action Button Import Functionality",
              "fullTitle": "LoyaltiExpert Action Button Import Functionality",
              "timedOut": null,
              "duration": 26559,
              "state": "passed",
              "speed": "slow",
              "pass": true,
              "fail": false,
              "pending": false,
              "context": null,
              "code": "cy.get(\".btn-outline-primary.btn-sm.dropdown-toggle.text-bold-700.top-margin\").click();\ncy.wait(2000);\ncy.get('.dropdown-item').contains('Import').click();\ncy.get(\"#customermaster-importfileupload\").attachFile(\"demo1.csv\"); //cy.get(\"button[type='submit']\").click()\ncy.wait(3000);\ncy.get(\"label[for='customermaster-importfileupload']\").should(\"have.contain\", \"Import File Upload\"); //validate the text\ncy.get(\"button[type='submit']\").click(); //upload button\ncy.get('.btn.btn-format-size.btn-relief-danger.waves-effect.waves-light').click(); //cancel button functionality check\ncy.get('.btn-outline-primary').click(); //Action button\ncy.wait(2000);",
              "err": {},
              "uuid": "5ad95dfc-7c68-421d-b64c-12f00de471ea",
              "parentUUID": "928400de-941d-4282-b54e-3fa2a1e436a6",
              "isHook": false,
              "skipped": false
            },
            {
              "title": "Action Button Assign Sales User Functionality",
              "fullTitle": "LoyaltiExpert Action Button Assign Sales User Functionality",
              "timedOut": null,
              "duration": 22934,
              "state": "passed",
              "speed": "slow",
              "pass": true,
              "fail": false,
              "pending": false,
              "context": null,
              "code": "cy.wait(2000);\ncy.get('.dropdown-item').contains('Assign Sales User').click({\n  force: true\n});\ncy.get(\"#customermaster-importsalesuserfileupload\").attachFile(\"demo1.csv\"); //clicking & uploading the file\ncy.wait(3000);\ncy.get(\"label[for='customermaster-importsalesuserfileupload']\").should(\"have.contain\", \"Import File Upload\"); //file upload visibility check or not\ncy.get('.btn.btn-format-size.btn-relief-danger.waves-effect.waves-light').click(); //cancel button\ncy.get('.btn-outline-primary').click();",
              "err": {},
              "uuid": "c63cdd01-2644-433e-96a3-a2aace6edc7c",
              "parentUUID": "928400de-941d-4282-b54e-3fa2a1e436a6",
              "isHook": false,
              "skipped": false
            },
            {
              "title": "Customer_Action_Edit_Menues",
              "fullTitle": "LoyaltiExpert Customer_Action_Edit_Menues",
              "timedOut": null,
              "duration": 35719,
              "state": "passed",
              "speed": "slow",
              "pass": true,
              "fail": false,
              "pending": false,
              "context": null,
              "code": "//cy.get(\"tbody tr:nth-child(1) td:nth-child(1) a:nth-child(1) em:nth-child(1)\").click({force:true}) //clicking on Edit\n//cy.get('[data-index=\"0\"] .text-left.btn-space .mr-1:first-child').click() // for edit\ncy.get(\"#headingSearch\").click(); //searching by name and then making chnages\ncy.get(\"#select2-customermastersearch-cust_member_id-container\").click(); //dropsown click\ncy.get(\"input[role='textbox']\").type(\"Rohini\"); //sending text 'Rohini\ncy.get('#select2-customermastersearch-cust_member_id-results').contains(\"Rohini\").click(); //from autosuggest select \"Rohini\"\ncy.get(\"button[type='submit']\").click();\ncy.get(\"div[class='pull-left d-none d-lg-block'] div[class='summary']\").should(\"have.text\", \"Showing 1-1 of 1 item.\");\ncy.get('#table1>tbody>[data-index=\"0\"]>.text-left.btn-space>.mr-1:first-child').click(); //clicking on Edit menue from the result table\ncy.get(\"#select2-customermaster-cust_category_id-container\").click().get(\"#customermaster-cust_category_id\").select(\"Retailer\", {\n  force: true\n}); // updated users grp from electrician to retailer\ncy.get(\"button[class='btn btn-format-size btn-relief-primary waves-effect waves-light']\").click(); //clicking on update\ncy.wait(3000);\ncy.contains(\"Your change updated successfully.\").should(\"be.visible\");\ncy.get(\"tbody tr:nth-child(1) td:nth-child(1) a:nth-child(1) em:nth-child(1)\").click({\n  force: true\n}); //again click on edit\ncy.get(\"button[value='update']\").click();\ncy.wait(3000);\ncy.contains(\"Your change applied successfully.\").should(\"be.visible\"); //cy.get(\".toast-title\").should(\"be.visible\") //click on Apply\ncy.title().should('include', \"Update Customer\"); //validating title of the page\ncy.get(\".btn.btn-format-size.btn-relief-danger.waves-effect.waves-light\").click(); //clicking on cancel button\ncy.title().should('include', \"Customers\"); //validating after cancel on customer dashbrd",
              "err": {},
              "uuid": "6cdb1f18-0a0a-4c89-a584-a70575968d71",
              "parentUUID": "928400de-941d-4282-b54e-3fa2a1e436a6",
              "isHook": false,
              "skipped": false
            },
            {
              "title": "Customer_Action_Delete_menues",
              "fullTitle": "LoyaltiExpert Customer_Action_Delete_menues",
              "timedOut": null,
              "duration": 16992,
              "state": "passed",
              "speed": "slow",
              "pass": true,
              "fail": false,
              "pending": false,
              "context": null,
              "code": "cy.get('[data-index=\"0\"] .text-left.btn-space .mr-1:nth-child(2)').click({\n  force: true\n}); //for delete\ncy.wait(1000);\ncy.get(\"#add_comment_input\").type(\"deleting..\");\ncy.get('.btn-primary.add_comment.waves-effect.waves-light').click();\ncy.wait(3000);\ncy.contains(\"Removed Successfully\").should(\"be.visible\");",
              "err": {},
              "uuid": "b2cf86ef-8b29-4ece-a8b3-1aba7b79c085",
              "parentUUID": "928400de-941d-4282-b54e-3fa2a1e436a6",
              "isHook": false,
              "skipped": false
            },
            {
              "title": "Customer_Action_View_menues",
              "fullTitle": "LoyaltiExpert Customer_Action_View_menues",
              "timedOut": null,
              "duration": 14678,
              "state": "passed",
              "speed": "slow",
              "pass": true,
              "fail": false,
              "pending": false,
              "context": null,
              "code": "cy.get('[data-index=\"0\"] .text-left.btn-space .mr-1:nth-child(3)').click(); //for view\ncy.get(\"#headingSearch\").should(\"have.text\", \"View Customer\"); //verifying heading",
              "err": {},
              "uuid": "857ab6eb-8caf-408c-96c4-7f1384af74d7",
              "parentUUID": "928400de-941d-4282-b54e-3fa2a1e436a6",
              "isHook": false,
              "skipped": false
            },
            {
              "title": "Customer_Action_Verify_menues",
              "fullTitle": "LoyaltiExpert Customer_Action_Verify_menues",
              "timedOut": null,
              "duration": 17530,
              "state": "passed",
              "speed": "slow",
              "pass": true,
              "fail": false,
              "pending": false,
              "context": null,
              "code": "cy.get('[data-index=\"0\"] .text-left.btn-space .mr-1:nth-child(5)').click({\n  force: true\n}); //for verify\ncy.wait(1000);\ncy.get('.swal2-confirm').click();\ncy.wait(3000);\ncy.contains(\"Verification changed successfully\").should(\"be.visible\");",
              "err": {},
              "uuid": "46cba7c7-b503-412f-89d3-0a996c939127",
              "parentUUID": "928400de-941d-4282-b54e-3fa2a1e436a6",
              "isHook": false,
              "skipped": false
            },
            {
              "title": "Column_visibility",
              "fullTitle": "LoyaltiExpert Column_visibility",
              "timedOut": null,
              "duration": 13178,
              "state": "passed",
              "speed": "slow",
              "pass": true,
              "fail": false,
              "pending": false,
              "context": null,
              "code": "cy.get(\".btn.btn-default.dropdown-toggle\").click();\ncy.get('.dropdown-menu.show>li>label>[data-field=\"3\"]').uncheck().should(\"not.be.checked\"); //customer mobile no colum unchecked",
              "err": {},
              "uuid": "0853450a-88c5-4685-a8fd-9e2d4a6c67a2",
              "parentUUID": "928400de-941d-4282-b54e-3fa2a1e436a6",
              "isHook": false,
              "skipped": false
            }
          ],
          "suites": [],
          "passes": [
            "27232148-11dc-4964-8ffe-31bd60bc0359",
            "8273c742-a318-4acc-adc3-0e7718a0626a",
            "e676d8e9-60c8-4f4f-a108-6a9449b77895",
            "5d2513c1-59c4-43b5-98e2-8489f461b6fb",
            "507ae774-2fc6-421f-a0c4-f191977260b9",
            "6fb361bd-f5fa-4875-bfe6-9ea7242f9f00",
            "5ad95dfc-7c68-421d-b64c-12f00de471ea",
            "c63cdd01-2644-433e-96a3-a2aace6edc7c",
            "6cdb1f18-0a0a-4c89-a584-a70575968d71",
            "b2cf86ef-8b29-4ece-a8b3-1aba7b79c085",
            "857ab6eb-8caf-408c-96c4-7f1384af74d7",
            "46cba7c7-b503-412f-89d3-0a996c939127",
            "0853450a-88c5-4685-a8fd-9e2d4a6c67a2"
          ],
          "failures": [],
          "pending": [],
          "skipped": [],
          "duration": 313136,
          "root": false,
          "rootEmpty": false,
          "_timeout": 2000
        }
      ],
      "passes": [],
      "failures": [],
      "pending": [],
      "skipped": [],
      "duration": 0,
      "root": true,
      "rootEmpty": true,
      "_timeout": 2000
    }
  ],
  "meta": {
    "mocha": {
      "version": "7.0.1"
    },
    "mochawesome": {
      "options": {
        "quiet": false,
        "reportFilename": "mochawesome",
        "saveHtml": true,
        "saveJson": true,
        "consoleReporter": "spec",
        "useInlineDiffs": false,
        "code": true
      },
      "version": "7.1.3"
    },
    "marge": {
      "options": {
        "reportDir": "cypress/results",
        "overwrite": false,
        "html": true,
        "json": true
      },
      "version": "6.2.0"
    }
  }
}