{
  "stats": {
    "suites": 1,
    "tests": 4,
    "passes": 4,
    "pending": 0,
    "failures": 0,
    "start": "2023-01-10T11:45:04.181Z",
    "end": "2023-01-10T11:46:46.156Z",
    "duration": 101975,
    "testsRegistered": 4,
    "passPercent": 100,
    "pendingPercent": 0,
    "other": 0,
    "hasOther": false,
    "skipped": 0,
    "hasSkipped": false
  },
  "results": [
    {
      "uuid": "888cc2d6-0c1f-4641-93fb-1d0c50c82eab",
      "title": "",
      "fullFile": "cypress/integration/Table_handling.cy.js",
      "file": "cypress/integration/Table_handling.cy.js",
      "beforeHooks": [],
      "afterHooks": [],
      "tests": [],
      "suites": [
        {
          "uuid": "91d5c0ae-9efa-4449-b7dc-b5cd991e8475",
          "title": "Customer_Table_Validation",
          "fullFile": "",
          "file": "",
          "beforeHooks": [],
          "afterHooks": [],
          "tests": [
            {
              "title": "Pagination_Acess",
              "fullTitle": "Customer_Table_Validation Pagination_Acess",
              "timedOut": null,
              "duration": 58069,
              "state": "passed",
              "speed": "slow",
              "pass": true,
              "fail": false,
              "pending": false,
              "context": null,
              "code": "let total_page = 10;\nfor (let p = 3; p <= total_page; p++) {\n  if (total_page >= 1) {\n    cy.log(\"active pages are: \" + p);\n    cy.get(\"ul[class='pagination']>li:nth-child(\" + p + \")\");\n    cy.wait(3000); // to read the  col\n    cy.get(\"#table1>tbody>tr\") //.fixed-table-body>#table1>thead>tr>th:nth-child(4)\n    //div[class='fixed-table-header'] th:nth-child(1) div:nth-child(1)\n    .each(($row, index, $rows) => {\n      // getting every row, index of row\n      cy.wrap($row).within(() => {\n        //.fixed-table-body>#table1>tbody>tr>td:nth-child(4)\n        cy.get(\"td:nth-child(4)\").then(e => //mobilr no column\n        {\n          cy.log(e.text());\n        });\n      });\n    });\n  }\n}",
              "err": {},
              "uuid": "fbbce82a-500a-4a25-aaed-ea75cf534c52",
              "parentUUID": "91d5c0ae-9efa-4449-b7dc-b5cd991e8475",
              "isHook": false,
              "skipped": false
            },
            {
              "title": "Total_no_Items_Validation",
              "fullTitle": "Customer_Table_Validation Total_no_Items_Validation",
              "timedOut": null,
              "duration": 11005,
              "state": "passed",
              "speed": "slow",
              "pass": true,
              "fail": false,
              "pending": false,
              "context": null,
              "code": "// too find total no of pages\nlet total;\ncy.get(\".summary\").then(e => {\n  let mytext = e.text();\n  total = mytext.substring(mytext.indexOf('of ') + 1, mytext.indexOf('items') - 1); // to retriev the index of page no. \n  cy.log(\"total no of pages:   \" + total);\n});",
              "err": {},
              "uuid": "d427b382-2cc7-468c-ad60-eebaf7a0429e",
              "parentUUID": "91d5c0ae-9efa-4449-b7dc-b5cd991e8475",
              "isHook": false,
              "skipped": false
            },
            {
              "title": "Check No. of rows & columns",
              "fullTitle": "Customer_Table_Validation Check No. of rows & columns",
              "timedOut": null,
              "duration": 11294,
              "state": "passed",
              "speed": "slow",
              "pass": true,
              "fail": false,
              "pending": false,
              "context": null,
              "code": "//tr tag is in the tbody so used > .we know the total rows 10 so we write assertion to check total rows\ncy.get(\".fixed-table-body>#table1>tbody>tr\").should(\"have.length\", 10); //rows\ncy.get(\".fixed-table-body>#table1>thead>tr>th\").should(\"have.length\", 21); //col",
              "err": {},
              "uuid": "1c5c02ac-7518-4869-b14b-c045a1bce9b6",
              "parentUUID": "91d5c0ae-9efa-4449-b7dc-b5cd991e8475",
              "isHook": false,
              "skipped": false
            },
            {
              "title": "Read all data from First Page",
              "fullTitle": "Customer_Table_Validation Read all data from First Page",
              "timedOut": null,
              "duration": 17120,
              "state": "passed",
              "speed": "slow",
              "pass": true,
              "fail": false,
              "pending": false,
              "context": null,
              "code": "cy.get(\".fixed-table-body>#table1>tbody>tr\").each(($row, index, $rows) => {\n  // getting every row, index of row\n  cy.wrap($row).within(() => //getting values in every col for each row\n  {\n    cy.get(\"td\").each(($col, index, $cols) => {\n      cy.log($cols.text());\n    });\n  });\n});",
              "err": {},
              "uuid": "d60db1f2-0150-423c-a8d5-1eddadb23847",
              "parentUUID": "91d5c0ae-9efa-4449-b7dc-b5cd991e8475",
              "isHook": false,
              "skipped": false
            }
          ],
          "suites": [],
          "passes": [
            "fbbce82a-500a-4a25-aaed-ea75cf534c52",
            "d427b382-2cc7-468c-ad60-eebaf7a0429e",
            "1c5c02ac-7518-4869-b14b-c045a1bce9b6",
            "d60db1f2-0150-423c-a8d5-1eddadb23847"
          ],
          "failures": [],
          "pending": [],
          "skipped": [],
          "duration": 97488,
          "root": false,
          "rootEmpty": false,
          "_timeout": 2000
        }
      ],
      "passes": [],
      "failures": [],
      "pending": [],
      "skipped": [],
      "duration": 0,
      "root": true,
      "rootEmpty": true,
      "_timeout": 2000
    }
  ],
  "meta": {
    "mocha": {
      "version": "7.0.1"
    },
    "mochawesome": {
      "options": {
        "quiet": false,
        "reportFilename": "mochawesome",
        "saveHtml": true,
        "saveJson": true,
        "consoleReporter": "spec",
        "useInlineDiffs": false,
        "code": true
      },
      "version": "7.1.3"
    },
    "marge": {
      "options": {
        "reportDir": "cypress/results",
        "overwrite": false,
        "html": true,
        "json": true
      },
      "version": "6.2.0"
    }
  }
}