{
  "stats": {
    "suites": 1,
    "tests": 8,
    "passes": 8,
    "pending": 0,
    "failures": 0,
    "start": "2023-01-12T09:18:13.972Z",
    "end": "2023-01-12T09:22:13.123Z",
    "duration": 239151,
    "testsRegistered": 8,
    "passPercent": 100,
    "pendingPercent": 0,
    "other": 0,
    "hasOther": false,
    "skipped": 0,
    "hasSkipped": false
  },
  "results": [
    {
      "uuid": "3067596e-f285-4feb-9fbf-08cb07e8ea67",
      "title": "",
      "fullFile": "cypress/integration/Search_Customer.cy.js",
      "file": "cypress/integration/Search_Customer.cy.js",
      "beforeHooks": [],
      "afterHooks": [],
      "tests": [],
      "suites": [
        {
          "uuid": "25e7c9ac-f87f-4319-b5b1-edecc7fee5aa",
          "title": "LoyaltiExpert_Search By Different Parameters",
          "fullFile": "",
          "file": "",
          "beforeHooks": [],
          "afterHooks": [],
          "tests": [
            {
              "title": "Search with: Name",
              "fullTitle": "LoyaltiExpert_Search By Different Parameters Search with: Name",
              "timedOut": null,
              "duration": 26232,
              "state": "passed",
              "speed": "slow",
              "pass": true,
              "fail": false,
              "pending": false,
              "context": null,
              "code": "cy.get(\"#headingSearch\").click(); //Search by Name\ncy.get(\"#select2-customermastersearch-cust_member_id-container\").click(); //dropsown click\ncy.get(\"input[role='textbox']\").type(\"Rohini\"); //sending text 'Rohini\ncy.get('#select2-customermastersearch-cust_member_id-results').contains(\"Rohini\").click(); //from autosuggest select \"Rohini\"\n// cy.get(\"#select2-customermastersearch-cust_member_id-results\").select(\"Rohini\")\n/*cy.get(\".select2-results__options\").click()*/\ncy.get(\"button[type='submit']\").click();\ncy.get(\"div[class='pull-left d-none d-lg-block'] div[class='summary']\").should(\"have.text\", \"Showing 1-1 of 1 item.\");\ncy.get(\"#headingSearch\").click();\ncy.get(\"#select2-customermastersearch-cust_member_id-container\").click(); //click on search button\ncy.get(\"input[role='textbox']\").clear(); // cy.get(\"div[class='pull-left d-none d-lg-block'] div[class='summary']\").should(\"have.text\",\"Showing 1-1 of 1 item.\")",
              "err": {},
              "uuid": "256e054f-7b99-4606-bcd1-22874f6cedf6",
              "parentUUID": "25e7c9ac-f87f-4319-b5b1-edecc7fee5aa",
              "isHook": false,
              "skipped": false
            },
            {
              "title": "Search with: Mobile No:",
              "fullTitle": "LoyaltiExpert_Search By Different Parameters Search with: Mobile No:",
              "timedOut": null,
              "duration": 25965,
              "state": "passed",
              "speed": "slow",
              "pass": true,
              "fail": false,
              "pending": false,
              "context": null,
              "code": "//search by Mobile no\ncy.wait(3000);\ncy.get(\"#headingSearch\").click();\ncy.get('#customermastersearch-cust_mobile_number').type('2222222222', {\n  force: true\n});\ncy.get(\"button[type='submit']\").click();\ncy.wait(3000);\ncy.get(\"div[class='pull-left d-none d-lg-block'] div[class='summary']\").should(\"have.text\", \"Showing 1-1 of 1 item.\");\ncy.wait(3000);\ncy.get(\"#headingSearch\").click();\ncy.wait(3000);\ncy.get('#customermastersearch-cust_mobile_number').clear();",
              "err": {},
              "uuid": "ae20849f-78e8-45ef-9e4f-926e918cbd94",
              "parentUUID": "25e7c9ac-f87f-4319-b5b1-edecc7fee5aa",
              "isHook": false,
              "skipped": false
            },
            {
              "title": "Search with: Customer_group",
              "fullTitle": "LoyaltiExpert_Search By Different Parameters Search with: Customer_group",
              "timedOut": null,
              "duration": 24725,
              "state": "passed",
              "speed": "slow",
              "pass": true,
              "fail": false,
              "pending": false,
              "context": null,
              "code": "//search by Customer Group\ncy.wait(3000); //cy.get(\"#headingSearch\").click()\n//cy.get('#customermastersearch-cust_category_id').contains('Electrician').click({force:true})\ncy.get(\"#select2-customermastersearch-cust_category_id-container\").click({\n  force: true\n}).get('#customermastersearch-cust_category_id').select(\"Electrician\", {\n  force: true\n});\ncy.get(\"button[type='submit']\").click({\n  force: true\n});\ncy.wait(3000);\ncy.get(\"div[class='pull-left d-none d-lg-block'] div[class='summary']\").contains(\"Showing\");\n/*let total_page=10\nfor(let p=3;p<=total_page;p++)\n{\nif(total_page>=1)\n{\ncy.log(\"active pages are: \"+p)\ncy.get(\"ul[class='pagination']>li:nth-child(\"+p+\")\")\ncy.wait(3000)\n// to read the  col\ncy.get(\".fixed-table-body>#table1>thead>tr>th\")\n//.fixed-table-body>#table1>thead>tr>th:nth-child(4)\n//div[class='fixed-table-header'] th:nth-child(1) div:nth-child(1)\n .each(($row, index,$rows)=>\n {// getting every row, index of row\n  cy.wrap($row).within( () =>\n   { //.fixed-table-body>#table1>tbody>tr>td:nth-child(4)\n      cy.get(\"#table1>tbody>tr>td:nth-child(4)\").then( (e)=>\n      {\n            cy.log(e.text());\n  \n      })\n   })\n })\n}\n}*/\ncy.wait(3000);\ncy.get(\"#headingSearch\").click();\ncy.wait(3000);\ncy.get(\"#select2-customermastersearch-cust_category_id-container\").click({\n  force: true\n}).get('#customermastersearch-cust_category_id').select(\"Select All\", {\n  force: true\n});",
              "err": {},
              "uuid": "e023608f-65a8-4ff8-95ad-2eb810e802fd",
              "parentUUID": "25e7c9ac-f87f-4319-b5b1-edecc7fee5aa",
              "isHook": false,
              "skipped": false
            },
            {
              "title": "Search with: Status",
              "fullTitle": "LoyaltiExpert_Search By Different Parameters Search with: Status",
              "timedOut": null,
              "duration": 24334,
              "state": "passed",
              "speed": "slow",
              "pass": true,
              "fail": false,
              "pending": false,
              "context": null,
              "code": "//search with Status \ncy.wait(3000);\ncy.get(\"#select2-customermastersearch-cust_status-container\").click({\n  force: true\n}).get('#customermastersearch-cust_status').select(\"Inactive\", {\n  force: true\n});\ncy.wait(3000);\ncy.get(\"button[type='submit']\").click({\n  force: true\n});\ncy.wait(3000);\ncy.get(\"div[class='pull-left d-none d-lg-block'] div[class='summary']\").should(\"have.contain\", \"Showing\"); // validating the showing word\ncy.get(\"#headingSearch\").click();\ncy.wait(3000);\ncy.get(\"#select2-customermastersearch-cust_status-container\").click({\n  force: true\n}).get('#customermastersearch-cust_status').select(\"Select All\", {\n  force: true\n});",
              "err": {},
              "uuid": "46c504de-0c2e-4617-ab74-675544e55428",
              "parentUUID": "25e7c9ac-f87f-4319-b5b1-edecc7fee5aa",
              "isHook": false,
              "skipped": false
            },
            {
              "title": "Search With: Profile_Completed",
              "fullTitle": "LoyaltiExpert_Search By Different Parameters Search With: Profile_Completed",
              "timedOut": null,
              "duration": 28478,
              "state": "passed",
              "speed": "slow",
              "pass": true,
              "fail": false,
              "pending": false,
              "context": null,
              "code": "cy.wait(3000);\ncy.get('#select2-customermastersearch-is_profile_complete-container').click({\n  force: true\n}).get('#customermastersearch-is_profile_complete').select(\"Yes\", {\n  force: true\n});\ncy.wait(3000);\ncy.get(\"button[type='submit']\").click({\n  force: true\n});\ncy.wait(3000);\ncy.get(\"div[class='pull-left d-none d-lg-block'] div[class='summary']\").should(\"have.contain\", \"Showing\");\ncy.wait(3000);\ncy.get(\"#headingSearch\").click();\ncy.wait(3000);\ncy.get('#select2-customermastersearch-is_profile_complete-container').click({\n  force: true\n}).get('#customermastersearch-is_profile_complete').select(\"Select All\", {\n  force: true\n});",
              "err": {},
              "uuid": "286f2fc6-08dd-4387-9091-05e7b50c91f8",
              "parentUUID": "25e7c9ac-f87f-4319-b5b1-edecc7fee5aa",
              "isHook": false,
              "skipped": false
            },
            {
              "title": "Search with: Country, State & city",
              "fullTitle": "LoyaltiExpert_Search By Different Parameters Search with: Country, State & city",
              "timedOut": null,
              "duration": 44323,
              "state": "passed",
              "speed": "slow",
              "pass": true,
              "fail": false,
              "pending": false,
              "context": null,
              "code": "//search with Country\ncy.wait(3000);\ncy.get(\"#select2-customermastersearch-country_id-container\").click({\n  force: true\n}).get(\"#customermastersearch-country_id\").select(\"India\", {\n  force: true\n}); //1st-click button, 2nd get-list \ncy.wait(3000); //search with States\ncy.get(\"#select2-customermastersearch-state_id-container\").click({\n  force: true\n}).get(\"#customermastersearch-state_id\").select(\"Maharashtra\", {\n  force: true\n}); //1st-click button, 2nd get-list \ncy.wait(3000); //search with City\ncy.get(\"#select2-customermastersearch-city_id-container\").click({\n  force: true\n}).get(\"#customermastersearch-city_id\").select(\"Pune\", {\n  force: true\n}); //1st-click button, 2nd get-list \ncy.wait(3000);\ncy.get(\"button[type='submit']\").click({\n  force: true\n});\ncy.wait(3000);\ncy.get(\"div[class='pull-left d-none d-lg-block'] div[class='summary']\").should('have.contain', \"Showing\");\ncy.wait(3000);\ncy.get(\"#headingSearch\").click();\ncy.wait(3000);\ncy.get(\"#select2-customermastersearch-country_id-container\").click({\n  force: true\n}).get(\"#customermastersearch-country_id\").select(\"Select All\", {\n  force: true\n}); //1st-click button, 2nd get-list \ncy.wait(3000);\ncy.get(\"#select2-customermastersearch-state_id-container\").click({\n  force: true\n}).get(\"#customermastersearch-state_id\").select(\"Select All\", {\n  force: true\n}); //1st-click button, 2nd get-list \ncy.wait(3000);\ncy.get(\"#select2-customermastersearch-city_id-container\").click({\n  force: true\n}).get(\"#customermastersearch-city_id\").select(\"Select All\", {\n  force: true\n});\ncy.wait(3000);",
              "err": {},
              "uuid": "af65750a-c5a3-4744-b7a8-0b35bfb50321",
              "parentUUID": "25e7c9ac-f87f-4319-b5b1-edecc7fee5aa",
              "isHook": false,
              "skipped": false
            },
            {
              "title": "Search with: Verified Customer",
              "fullTitle": "LoyaltiExpert_Search By Different Parameters Search with: Verified Customer",
              "timedOut": null,
              "duration": 24440,
              "state": "passed",
              "speed": "slow",
              "pass": true,
              "fail": false,
              "pending": false,
              "context": null,
              "code": "//with Verified Customer\ncy.get(\"#select2-customermastersearch-is_verified-container\").click({\n  force: true\n}).get(\"#customermastersearch-is_verified\").select(\"YES\", {\n  force: true\n});\ncy.wait(3000);\ncy.get(\"button[type='submit']\").click({\n  force: true\n});\ncy.wait(3000);\ncy.get(\"div[class='pull-left d-none d-lg-block'] div[class='summary']\").should(\"have.contain\", 'Showing');\ncy.wait(3000);\ncy.get(\"#headingSearch\").click();\ncy.wait(3000);",
              "err": {},
              "uuid": "1cb1d2dc-7c25-4f9a-aa9c-cfd59efffa65",
              "parentUUID": "25e7c9ac-f87f-4319-b5b1-edecc7fee5aa",
              "isHook": false,
              "skipped": false
            },
            {
              "title": "Search with: KYC Status",
              "fullTitle": "LoyaltiExpert_Search By Different Parameters Search with: KYC Status",
              "timedOut": null,
              "duration": 30164,
              "state": "passed",
              "speed": "slow",
              "pass": true,
              "fail": false,
              "pending": false,
              "context": null,
              "code": "//search with KYC statas\ncy.wait(3000); //search link click\ncy.get(\"#select2-customermastersearch-kyc_status-container\").click({\n  force: true\n}).get(\"#customermastersearch-kyc_status\").select(\"Rejected\", {\n  force: true\n});\ncy.wait(3000);\ncy.get(\"button[type='submit']\").click({\n  force: true\n});\ncy.wait(3000);\ncy.get(\"div[class='pull-left d-none d-lg-block'] div[class='summary']\").should(\"have.contain\", 'Showing');\ncy.wait(3000);\ncy.get(\"#headingSearch\").click();\ncy.wait(3000);\ncy.get(\"#select2-customermastersearch-kyc_status-container\").click({\n  force: true\n}).get(\"#customermastersearch-kyc_status\").select(\"Select All\", {\n  force: true\n}); // for reset button\ncy.get(\".btn-format-size.btn-relief-danger.waves-effect.waves-light\").click();",
              "err": {},
              "uuid": "2a2b2c45-da23-46df-b7ef-25d9a75ba988",
              "parentUUID": "25e7c9ac-f87f-4319-b5b1-edecc7fee5aa",
              "isHook": false,
              "skipped": false
            }
          ],
          "suites": [],
          "passes": [
            "256e054f-7b99-4606-bcd1-22874f6cedf6",
            "ae20849f-78e8-45ef-9e4f-926e918cbd94",
            "e023608f-65a8-4ff8-95ad-2eb810e802fd",
            "46c504de-0c2e-4617-ab74-675544e55428",
            "286f2fc6-08dd-4387-9091-05e7b50c91f8",
            "af65750a-c5a3-4744-b7a8-0b35bfb50321",
            "1cb1d2dc-7c25-4f9a-aa9c-cfd59efffa65",
            "2a2b2c45-da23-46df-b7ef-25d9a75ba988"
          ],
          "failures": [],
          "pending": [],
          "skipped": [],
          "duration": 228661,
          "root": false,
          "rootEmpty": false,
          "_timeout": 2000
        }
      ],
      "passes": [],
      "failures": [],
      "pending": [],
      "skipped": [],
      "duration": 0,
      "root": true,
      "rootEmpty": true,
      "_timeout": 2000
    }
  ],
  "meta": {
    "mocha": {
      "version": "7.0.1"
    },
    "mochawesome": {
      "options": {
        "quiet": false,
        "reportFilename": "mochawesome",
        "saveHtml": true,
        "saveJson": true,
        "consoleReporter": "spec",
        "useInlineDiffs": false,
        "code": true
      },
      "version": "7.1.3"
    },
    "marge": {
      "options": {
        "reportDir": "cypress/results",
        "overwrite": false,
        "html": true,
        "json": true
      },
      "version": "6.2.0"
    }
  }
}