{
  "stats": {
    "suites": 1,
    "tests": 4,
    "passes": 4,
    "pending": 0,
    "failures": 0,
    "start": "2023-01-12T09:16:32.249Z",
    "end": "2023-01-12T09:17:58.045Z",
    "duration": 85796,
    "testsRegistered": 4,
    "passPercent": 100,
    "pendingPercent": 0,
    "other": 0,
    "hasOther": false,
    "skipped": 0,
    "hasSkipped": false
  },
  "results": [
    {
      "uuid": "d7b83ca2-484a-4b00-afac-8e3571741d04",
      "title": "",
      "fullFile": "cypress/integration/departmenttnode.js",
      "file": "cypress/integration/departmenttnode.js",
      "beforeHooks": [],
      "afterHooks": [],
      "tests": [],
      "suites": [
        {
          "uuid": "d4ba5360-f06e-45a5-833c-578bf4dbfc5c",
          "title": "createuser",
          "fullFile": "",
          "file": "",
          "beforeHooks": [],
          "afterHooks": [],
          "tests": [
            {
              "title": "addnewdepartment ",
              "fullTitle": "createuser addnewdepartment ",
              "timedOut": null,
              "duration": 33342,
              "state": "passed",
              "speed": "slow",
              "pass": true,
              "fail": false,
              "pending": false,
              "context": null,
              "code": "cy.get(\"#hov\").click();\ncy.get('.breadcrumb > .active').should(\"be.visible\");\ncy.get(\".btn.btn-format-size.btn-relief-danger.waves-effect.waves-light\").should('be.visible');\ncy.get(\"#departments-department_name\").type(\"Testing1\") //add new\n.should(\"have.value\", \"Testing1\");\ncy.get(\"#departments-department_desc\").type(\"Here is testing for automation\").should(\"have.value\", \"Here is testing for automation\");\ncy.get('.btn-relief-primary').click();\ncy.get('.toast-title').should(\"be.visible\");\ncy.wait(5000);",
              "err": {},
              "uuid": "6e2b2760-ee9a-4898-8aed-0ab975dcc1ee",
              "parentUUID": "d4ba5360-f06e-45a5-833c-578bf4dbfc5c",
              "isHook": false,
              "skipped": false
            },
            {
              "title": "searchdepartment",
              "fullTitle": "createuser searchdepartment",
              "timedOut": null,
              "duration": 17974,
              "state": "passed",
              "speed": "slow",
              "pass": true,
              "fail": false,
              "pending": false,
              "context": null,
              "code": "cy.get('#headingSearch').click(); //search\ncy.get('#departmentssearch-department_name').type(\"Testing1\").should(\"have.value\", \"Testing1\"); //cy.reload()\ncy.get(\".btn.btn-format-size.btn-relief-danger.waves-effect.waves-light\").should(\"be.visible\");\ncy.get('.btn-relief-primary').click();\ncy.reload();\ncy.wait(3000);",
              "err": {},
              "uuid": "4119f75b-4c90-4e42-b462-97927a9fb769",
              "parentUUID": "d4ba5360-f06e-45a5-833c-578bf4dbfc5c",
              "isHook": false,
              "skipped": false
            },
            {
              "title": "Delete_depart",
              "fullTitle": "createuser Delete_depart",
              "timedOut": null,
              "duration": 11881,
              "state": "passed",
              "speed": "slow",
              "pass": true,
              "fail": false,
              "pending": false,
              "context": null,
              "code": "//cy.get('[data-index=\"0\"] > .btn-space > #department-delete-id > .feather').click()\ncy.get('[data-index=\"0\"] .text-left.btn-space .mr-1:nth-child(2)').click({\n  force: true\n}); //for delete\ncy.get('.modal-footer>[onclick=\"deleteDepartment()\"]').click(); //cy.wait(1000)\n// cy.get(\"#add_comment_input\").type(\"deleting..\")\n// cy.get('.btn-primary.add_comment.waves-effect.waves-light').click()\n//cy.wait(3000)\n// cy.get('#main-menu-navigation>li>[href=\"/departments/departments/index\"]').click()\n//cy.contains(\"Deleted Successfully\").should(\"be.visible\");",
              "err": {},
              "uuid": "716a020e-1bba-4b47-a89d-e41b4e560699",
              "parentUUID": "d4ba5360-f06e-45a5-833c-578bf4dbfc5c",
              "isHook": false,
              "skipped": false
            },
            {
              "title": "Import_Functionality",
              "fullTitle": "createuser Import_Functionality",
              "timedOut": null,
              "duration": 14347,
              "state": "passed",
              "speed": "slow",
              "pass": true,
              "fail": false,
              "pending": false,
              "context": null,
              "code": "//cy.get('.btn-group > .dropdown-menu > .dropdown-item').click()  \n//cy.get(\".btn-group dropdown\").click().get('dropdown-menu').select[\"Import\"]\n// cy.get(\".dropdown-menu.show\").select(\"Import\")\ncy.get('.card-header > .btn-group > .btn').click();\ncy.get('.dropdown-menu>[href=\"/departments/departments/import\"]:first-child').click(); //cy.get('.btn-group > .dropdown-menu > .dropdown-item').click()\ncy.get(\".breadcrumb-item.active\").should(\"have.text\", \"Import Deparments\");\ncy.get(\"button[type='submit']\").should(\"be.visible\");",
              "err": {},
              "uuid": "0899c7d6-44f5-4ce5-8dab-fa2625dd9ad0",
              "parentUUID": "d4ba5360-f06e-45a5-833c-578bf4dbfc5c",
              "isHook": false,
              "skipped": false
            }
          ],
          "suites": [],
          "passes": [
            "6e2b2760-ee9a-4898-8aed-0ab975dcc1ee",
            "4119f75b-4c90-4e42-b462-97927a9fb769",
            "716a020e-1bba-4b47-a89d-e41b4e560699",
            "0899c7d6-44f5-4ce5-8dab-fa2625dd9ad0"
          ],
          "failures": [],
          "pending": [],
          "skipped": [],
          "duration": 77544,
          "root": false,
          "rootEmpty": false,
          "_timeout": 2000
        }
      ],
      "passes": [],
      "failures": [],
      "pending": [],
      "skipped": [],
      "duration": 0,
      "root": true,
      "rootEmpty": true,
      "_timeout": 2000
    }
  ],
  "meta": {
    "mocha": {
      "version": "7.0.1"
    },
    "mochawesome": {
      "options": {
        "quiet": false,
        "reportFilename": "mochawesome",
        "saveHtml": true,
        "saveJson": true,
        "consoleReporter": "spec",
        "useInlineDiffs": false,
        "code": true
      },
      "version": "7.1.3"
    },
    "marge": {
      "options": {
        "reportDir": "cypress/results",
        "overwrite": false,
        "html": true,
        "json": true
      },
      "version": "6.2.0"
    }
  }
}