{
  "stats": {
    "suites": 1,
    "tests": 7,
    "passes": 7,
    "pending": 0,
    "failures": 0,
    "start": "2023-01-12T09:08:40.751Z",
    "end": "2023-01-12T09:10:42.187Z",
    "duration": 121436,
    "testsRegistered": 7,
    "passPercent": 100,
    "pendingPercent": 0,
    "other": 0,
    "hasOther": false,
    "skipped": 0,
    "hasSkipped": false
  },
  "results": [
    {
      "uuid": "c2aa258a-20c1-457d-aefe-c20633d2f711",
      "title": "",
      "fullFile": "cypress/integration/createusernode.js",
      "file": "cypress/integration/createusernode.js",
      "beforeHooks": [],
      "afterHooks": [],
      "tests": [],
      "suites": [
        {
          "uuid": "da76e985-4d8b-43ca-84b6-f44107b16569",
          "title": "createuser",
          "fullFile": "",
          "file": "",
          "beforeHooks": [],
          "afterHooks": [],
          "tests": [
            {
              "title": "norowsandcolumums ",
              "fullTitle": "createuser norowsandcolumums ",
              "timedOut": null,
              "duration": 15110,
              "state": "passed",
              "speed": "slow",
              "pass": true,
              "fail": false,
              "pending": false,
              "context": null,
              "code": "cy.get(\"#table1>tbody>tr\").should('be.visible');\ncy.get(\".table.table-striped.display.nowrap.table-bordered.sorting_asc.table-hover>thead>tr>th\").should('have.length', '8');",
              "err": {},
              "uuid": "e04dd21d-1c8e-41bc-80f6-bdafc6dc4351",
              "parentUUID": "da76e985-4d8b-43ca-84b6-f44107b16569",
              "isHook": false,
              "skipped": false
            },
            {
              "title": "adduser ",
              "fullTitle": "createuser adduser ",
              "timedOut": null,
              "duration": 27276,
              "state": "passed",
              "speed": "slow",
              "pass": true,
              "fail": false,
              "pending": false,
              "context": null,
              "code": "cy.wait(2000);\ncy.get('#hov').click(); //cy.get('#headingCredentialDetails > h6').contains{\"Credential Details\"}\ncy.get('.breadcrumb > .active').should(\"contain\", \"Create User\");\ncy.get('#subusermaster-sub_user_username').type(\"cypress_test@ecosmob.com\"); //cy.get('#subusermaster-sub_user_username').should(\"have.value\",\"neha.suryawanshi@ecosmob.com\")\n// cy.get('#headingBasicDetails > h6').contains{\"Basic Details\"}\ncy.get(\"#subusermaster-sub_user_password\").type(\"test@123\"); //.should(\"have.value\",\"test@123\")\ncy.get('#subusermaster-sub_user_first_name').type(\"cypress\").should(\"have.value\", \"cypress\"); // cy.get('.field-subusermaster-sub_user_last_name > .control-label').contains{\"Lastname\"}\ncy.get('#subusermaster-sub_user_last_name').type(\"Test\").should(\"have.value\", \"Test\");\ncy.get('#subusermaster-sub_user_contact_number').type(\"1234567890\").should(\"have.value\", \"1234567890\");\ncy.get('#select2-tenant_master_search_user_gender-container').click().get(\"#tenant_master_search_user_gender\").select(\"Male\", {\n  force: true\n});\ncy.get(\"#select2-subusermaster-rm_id-container\").click({\n  force: true\n}).get(\"#subusermaster-rm_id\").select(\"invoice download\", {\n  force: true\n}); // cy.get('#select2-subusermaster-sub_user_department_id-container').click().get(\"#select2-subusermaster-sub_user_department_id-results\").select(\"Testing\",{force:true})\ncy.get(\"#select2-subusermaster-sub_user_department_id-container\").click().get('#subusermaster-sub_user_department_id').select(\"Testing\", {\n  force: true\n});\ncy.get(\".btn-relief-primary\").click();\ncy.get('.btn-relief-danger').should('be.visible');\ncy.wait(3000);\ncy.reload();\ncy.wait(3000);",
              "err": {},
              "uuid": "10732a43-9b96-4f8a-94fb-7e4ec74d0dc6",
              "parentUUID": "da76e985-4d8b-43ca-84b6-f44107b16569",
              "isHook": false,
              "skipped": false
            },
            {
              "title": "edituserpage",
              "fullTitle": "createuser edituserpage",
              "timedOut": null,
              "duration": 12845,
              "state": "passed",
              "speed": "slow",
              "pass": true,
              "fail": false,
              "pending": false,
              "context": null,
              "code": "cy.get('[data-index=\"0\"] .text-left.btn-space .mr-1:first-child').click();\ncy.get(\"[name$='SubUserMaster[sub_user_first_name]']\").clear();\ncy.get(\"[name$='SubUserMaster[sub_user_first_name]']\").type(\"automation\");\ncy.get(\"button[class='btn btn-format-size btn-relief-primary waves-effect waves-light']\").click(); //.first().contains(\"Update\").click()",
              "err": {},
              "uuid": "e6f0b926-8648-4b54-9981-15a97cc3d5cb",
              "parentUUID": "da76e985-4d8b-43ca-84b6-f44107b16569",
              "isHook": false,
              "skipped": false
            },
            {
              "title": "deleteuser",
              "fullTitle": "createuser deleteuser",
              "timedOut": null,
              "duration": 11937,
              "state": "passed",
              "speed": "slow",
              "pass": true,
              "fail": false,
              "pending": false,
              "context": null,
              "code": "cy.get('[data-index=\"0\"] .text-left.btn-space .mr-1:nth-child(2)').click(); //delete \ncy.on('window:confirm', t => {\n  expect(t).to.contains('Are you sure want to delete this record?');\n});\ncy.get(\".toast-message\").should('contain', \"Deleted Successfully\");",
              "err": {},
              "uuid": "7c2dd4cf-7dfa-489e-9680-ddd7dfb2a72e",
              "parentUUID": "da76e985-4d8b-43ca-84b6-f44107b16569",
              "isHook": false,
              "skipped": false
            },
            {
              "title": "login in listing ",
              "fullTitle": "createuser login in listing ",
              "timedOut": null,
              "duration": 25948,
              "state": "passed",
              "speed": "slow",
              "pass": true,
              "fail": false,
              "pending": false,
              "context": null,
              "code": "cy.get(\"div[class='fixed-table-header'] th:nth-child(2) div:nth-child(1)\").should('be.visible'); //login in listing \ncy.get('[data-index=\"0\"] > [data-label=\"Login\"] > form > .btn').click();\ncy.get('form > .btn').should('be.visible');\ncy.wait(5000);\ncy.get('form > .btn').click();",
              "err": {},
              "uuid": "722d6959-3bb5-4dab-b753-663e9d9e300e",
              "parentUUID": "da76e985-4d8b-43ca-84b6-f44107b16569",
              "isHook": false,
              "skipped": false
            },
            {
              "title": "dropdowncheck ",
              "fullTitle": "createuser dropdowncheck ",
              "timedOut": null,
              "duration": 11706,
              "state": "passed",
              "speed": "slow",
              "pass": true,
              "fail": false,
              "pending": false,
              "context": null,
              "code": "cy.get('.btn.btn-default.dropdown-toggle').click(); //3 line dropdown\ncy.get('.dropdown-menu.show>li>label>[data-field=\"0\"]').uncheck().should('not.be.checked');\ncy.get('.dropdown-menu.show>li>label>[data-field=\"0\"]').check().should('be.checked');",
              "err": {},
              "uuid": "65efc3c4-1951-4559-8a93-365029cdeff2",
              "parentUUID": "da76e985-4d8b-43ca-84b6-f44107b16569",
              "isHook": false,
              "skipped": false
            },
            {
              "title": "searchuser ",
              "fullTitle": "createuser searchuser ",
              "timedOut": null,
              "duration": 13822,
              "state": "passed",
              "speed": "slow",
              "pass": true,
              "fail": false,
              "pending": false,
              "context": null,
              "code": "cy.get('#headingSubUserMasterSearch').click(); //search\ncy.get('#subusermastersearch-sub_user_member_id').type('4993595853').should(\"have.value\", \"4993595853\");\ncy.get('#subusermastersearch-sub_user_username').type('subusernew@gmail.com').should(\"have.value\", \"subusernew@gmail.com\"); // cy.get('[id^=\"select2-tenant_master_sub_user_status-result-\"]').eq(0).click()\n// cy.get(\"#select2-tenant_master_sub_user_status-container\").click().get(\"#select2-tenant_master_sub_user_status-container\").select(\"Active\",{force:true})\n//cy.get('.dropdown-item').contains('Active').click()\n//cy.get(\"select2-tenant_master_sub_user_status-container\").select(\"Active\")\ncy.get(\"#select2-tenant_master_sub_user_status-container\").click().get(\"#tenant_master_sub_user_status\").select(\"Active\", {\n  force: true\n});\ncy.get(\"#select2-subusermastersearch-rm_id-container\").click().get(\"#subusermastersearch-rm_id\").select(\"Special Loyalty Test Role\", {\n  force: true\n});\ncy.get(\"#select2-subusermastersearch-sub_user_department_id-container\").click().get(\"#subusermastersearch-sub_user_department_id\").select(\"Testing\", {\n  force: true\n}); // cy.get(\".btn btn-format-size btn-relief-primary waves-effect waves-light\").click()\ncy.get('.btn-relief-primary').click();\ncy.get('.btn-relief-danger').should(\"be.visible\");\ncy.get('.breadcrumb > .active').click();",
              "err": {},
              "uuid": "dae5b11d-0f92-4007-b157-7c3632a6e4d8",
              "parentUUID": "da76e985-4d8b-43ca-84b6-f44107b16569",
              "isHook": false,
              "skipped": false
            }
          ],
          "suites": [],
          "passes": [
            "e04dd21d-1c8e-41bc-80f6-bdafc6dc4351",
            "10732a43-9b96-4f8a-94fb-7e4ec74d0dc6",
            "e6f0b926-8648-4b54-9981-15a97cc3d5cb",
            "7c2dd4cf-7dfa-489e-9680-ddd7dfb2a72e",
            "722d6959-3bb5-4dab-b753-663e9d9e300e",
            "65efc3c4-1951-4559-8a93-365029cdeff2",
            "dae5b11d-0f92-4007-b157-7c3632a6e4d8"
          ],
          "failures": [],
          "pending": [],
          "skipped": [],
          "duration": 118644,
          "root": false,
          "rootEmpty": false,
          "_timeout": 2000
        }
      ],
      "passes": [],
      "failures": [],
      "pending": [],
      "skipped": [],
      "duration": 0,
      "root": true,
      "rootEmpty": true,
      "_timeout": 2000
    }
  ],
  "meta": {
    "mocha": {
      "version": "7.0.1"
    },
    "mochawesome": {
      "options": {
        "quiet": false,
        "reportFilename": "mochawesome",
        "saveHtml": true,
        "saveJson": true,
        "consoleReporter": "spec",
        "useInlineDiffs": false,
        "code": true
      },
      "version": "7.1.3"
    },
    "marge": {
      "options": {
        "reportDir": "cypress/results",
        "overwrite": false,
        "html": true,
        "json": true
      },
      "version": "6.2.0"
    }
  }
}